[INFO] 2022-09-27 12:42:15,710 Watching for file changes with StatReloader
[INFO] 2022-09-27 12:43:08,993 Watching for file changes with StatReloader
[INFO] 2022-09-27 12:43:50,127 "GET /admin HTTP/1.1" 301 0
[INFO] 2022-09-27 12:43:50,138 "GET /admin/ HTTP/1.1" 302 0
[INFO] 2022-09-27 12:43:50,174 "GET /admin/login/?next=/admin/ HTTP/1.1" 200 2218
[INFO] 2022-09-27 12:43:50,265 "GET /static/admin/css/base.css HTTP/1.1" 200 20344
[INFO] 2022-09-27 12:43:50,266 "GET /static/admin/css/dark_mode.css HTTP/1.1" 200 796
[INFO] 2022-09-27 12:43:50,268 "GET /static/admin/css/nav_sidebar.css HTTP/1.1" 200 2619
[INFO] 2022-09-27 12:43:50,269 "GET /static/admin/css/login.css HTTP/1.1" 200 958
[INFO] 2022-09-27 12:43:50,270 "GET /static/admin/css/responsive.css HTTP/1.1" 200 18854
[INFO] 2022-09-27 12:43:50,270 "GET /static/admin/css/fonts.css HTTP/1.1" 200 423
[INFO] 2022-09-27 12:43:50,279 "GET /static/admin/js/nav_sidebar.js HTTP/1.1" 200 3763
[INFO] 2022-09-27 12:43:50,291 "GET /static/admin/fonts/Roboto-Regular-webfont.woff HTTP/1.1" 200 85876
[INFO] 2022-09-27 12:43:50,292 "GET /static/admin/fonts/Roboto-Light-webfont.woff HTTP/1.1" 200 85692
[WARNING] 2022-09-27 12:43:50,316 Not Found: /favicon.ico
[WARNING] 2022-09-27 12:43:50,317 "GET /favicon.ico HTTP/1.1" 404 2113
[INFO] 2022-09-27 12:43:54,050 "POST /admin/login/?next=/admin/ HTTP/1.1" 302 0
[INFO] 2022-09-27 12:43:54,067 "GET /admin/ HTTP/1.1" 200 4272
[INFO] 2022-09-27 12:43:54,076 "GET /static/admin/css/dashboard.css HTTP/1.1" 200 380
[INFO] 2022-09-27 12:43:54,089 "GET /static/admin/img/icon-changelink.svg HTTP/1.1" 200 380
[INFO] 2022-09-27 12:43:54,089 "GET /static/admin/img/icon-addlink.svg HTTP/1.1" 200 331
[INFO] 2022-09-27 12:43:54,098 "GET /static/admin/fonts/Roboto-Bold-webfont.woff HTTP/1.1" 200 86184
[INFO] 2022-09-27 12:44:02,038 "GET /admin/authtoken/tokenproxy/ HTTP/1.1" 200 5391
[INFO] 2022-09-27 12:44:02,052 "GET /static/admin/css/changelists.css HTTP/1.1" 200 6395
[INFO] 2022-09-27 12:44:02,053 "GET /static/admin/js/core.js HTTP/1.1" 200 5698
[INFO] 2022-09-27 12:44:02,054 "GET /static/admin/js/jquery.init.js HTTP/1.1" 200 347
[INFO] 2022-09-27 12:44:02,054 "GET /static/admin/js/actions.js HTTP/1.1" 200 7872
[INFO] 2022-09-27 12:44:02,054 "GET /static/admin/js/admin/RelatedObjectLookups.js HTTP/1.1" 200 8919
[INFO] 2022-09-27 12:44:02,056 "GET /static/admin/js/urlify.js HTTP/1.1" 200 7902
[INFO] 2022-09-27 12:44:02,057 "GET /static/admin/js/prepopulate.js HTTP/1.1" 200 1531
[INFO] 2022-09-27 12:44:02,059 "GET /static/admin/js/vendor/jquery/jquery.js HTTP/1.1" 200 288580
[INFO] 2022-09-27 12:44:02,059 "GET /static/admin/js/vendor/xregexp/xregexp.js HTTP/1.1" 200 232381
[INFO] 2022-09-27 12:44:02,064 "GET /static/admin/js/filters.js HTTP/1.1" 200 966
[INFO] 2022-09-27 12:44:02,078 "GET /static/admin/img/tooltag-add.svg HTTP/1.1" 200 331
[INFO] 2022-09-27 12:44:04,028 "GET /admin/ HTTP/1.1" 200 4272
[INFO] 2022-09-27 12:45:01,516 D:\Binara\nominaFC\backend\sistemafc\urls.py changed, reloading.
[INFO] 2022-09-27 12:45:01,953 Watching for file changes with StatReloader
[INFO] 2022-09-27 12:48:06,565 Watching for file changes with StatReloader
[INFO] 2022-09-27 12:49:18,674 D:\Binara\nominaFC\backend\sistemafc\settings\base.py changed, reloading.
[INFO] 2022-09-27 12:49:19,105 Watching for file changes with StatReloader
[INFO] 2022-09-27 12:49:30,084 Watching for file changes with StatReloader
[INFO] 2022-09-27 12:50:00,591 D:\Binara\nominaFC\backend\sistemafc\urls.py changed, reloading.
[INFO] 2022-09-27 12:50:01,032 Watching for file changes with StatReloader
[INFO] 2022-09-27 12:50:05,981 Watching for file changes with StatReloader
[INFO] 2022-09-27 12:50:58,659 D:\Binara\nominaFC\backend\sistemafcApp\urls.py changed, reloading.
[INFO] 2022-09-27 12:50:59,142 Watching for file changes with StatReloader
[INFO] 2022-09-27 12:54:03,790 "GET /admin/auth/user/add/ HTTP/1.1" 200 8055
[INFO] 2022-09-27 12:54:03,802 "GET /static/admin/css/base.css HTTP/1.1" 304 0
[INFO] 2022-09-27 12:54:03,804 "GET /static/admin/css/dark_mode.css HTTP/1.1" 304 0
[INFO] 2022-09-27 12:54:03,805 "GET /static/admin/css/nav_sidebar.css HTTP/1.1" 304 0
[INFO] 2022-09-27 12:54:03,806 "GET /static/admin/css/responsive.css HTTP/1.1" 304 0
[INFO] 2022-09-27 12:54:03,813 "GET /admin/jsi18n/ HTTP/1.1" 200 3343
[INFO] 2022-09-27 12:54:03,815 "GET /static/admin/css/fonts.css HTTP/1.1" 304 0
[INFO] 2022-09-27 12:54:03,816 "GET /static/admin/js/vendor/jquery/jquery.js HTTP/1.1" 304 0
[INFO] 2022-09-27 12:54:03,817 "GET /static/admin/js/jquery.init.js HTTP/1.1" 304 0
[INFO] 2022-09-27 12:54:03,819 "GET /static/admin/js/core.js HTTP/1.1" 304 0
[INFO] 2022-09-27 12:54:03,824 "GET /static/admin/js/admin/RelatedObjectLookups.js HTTP/1.1" 304 0
[INFO] 2022-09-27 12:54:03,825 "GET /static/admin/js/actions.js HTTP/1.1" 304 0
[INFO] 2022-09-27 12:54:03,826 "GET /static/admin/js/urlify.js HTTP/1.1" 304 0
[INFO] 2022-09-27 12:54:03,827 "GET /static/admin/js/prepopulate.js HTTP/1.1" 304 0
[INFO] 2022-09-27 12:54:03,828 "GET /static/admin/js/vendor/xregexp/xregexp.js HTTP/1.1" 304 0
[INFO] 2022-09-27 12:54:03,834 "GET /static/admin/css/forms.css HTTP/1.1" 200 8944
[INFO] 2022-09-27 12:54:03,837 "GET /static/admin/css/widgets.css HTTP/1.1" 200 11297
[INFO] 2022-09-27 12:54:03,838 "GET /static/admin/js/nav_sidebar.js HTTP/1.1" 304 0
[INFO] 2022-09-27 12:54:03,848 "GET /static/admin/js/change_form.js HTTP/1.1" 200 606
[INFO] 2022-09-27 12:54:03,849 "GET /static/admin/fonts/Roboto-Regular-webfont.woff HTTP/1.1" 304 0
[INFO] 2022-09-27 12:54:03,850 "GET /static/admin/fonts/Roboto-Light-webfont.woff HTTP/1.1" 304 0
[INFO] 2022-09-27 12:54:03,851 "GET /static/admin/fonts/Roboto-Bold-webfont.woff HTTP/1.1" 304 0
[INFO] 2022-09-27 12:54:03,852 "GET /static/admin/img/icon-addlink.svg HTTP/1.1" 304 0
[INFO] 2022-09-27 12:54:03,860 "GET /static/admin/js/prepopulate_init.js HTTP/1.1" 200 586
[INFO] 2022-09-27 12:54:14,240 "GET /admin/ HTTP/1.1" 200 4272
[INFO] 2022-09-27 13:12:41,363 "OPTIONS /api/token/ HTTP/1.1" 200 0
[WARNING] 2022-09-27 13:12:41,366 Bad Request: /api/token/
[WARNING] 2022-09-27 13:12:41,366 "POST /api/token/ HTTP/1.1" 400 79
[WARNING] 2022-09-27 13:14:02,231 Bad Request: /api/token/
[WARNING] 2022-09-27 13:14:02,231 "POST /api/token/ HTTP/1.1" 400 79
[WARNING] 2022-09-27 13:14:40,883 Unauthorized: /api/token/
[WARNING] 2022-09-27 13:14:40,883 "POST /api/token/ HTTP/1.1" 401 63
[INFO] 2022-09-27 13:14:53,927 "POST /api/token/ HTTP/1.1" 200 483
[INFO] 2022-09-27 13:15:40,506 "POST /api/token/ HTTP/1.1" 200 483
[INFO] 2022-09-27 13:15:51,622 "POST /api/token/ HTTP/1.1" 200 483
[INFO] 2022-09-27 13:16:03,836 "POST /api/token/ HTTP/1.1" 200 483
[INFO] 2022-09-27 13:24:39,876 "POST /api/token/ HTTP/1.1" 200 483
[INFO] 2022-09-27 13:25:19,458 "POST /api/token/ HTTP/1.1" 200 483
[INFO] 2022-09-27 13:26:19,330 "POST /api/token/ HTTP/1.1" 200 483
[INFO] 2022-09-27 13:27:30,968 "POST /api/token/ HTTP/1.1" 200 483
[INFO] 2022-09-27 14:35:35,002 Watching for file changes with StatReloader
[INFO] 2022-09-27 14:45:11,250 D:\Binara\nominaFC\backend\sistemafcApp\models\__init__.py changed, reloading.
[INFO] 2022-09-27 14:45:11,767 Watching for file changes with StatReloader
[INFO] 2022-09-27 14:58:19,738 D:\Binara\nominaFC\backend\sistemafcApp\urls.py changed, reloading.
[INFO] 2022-09-27 14:58:20,203 Watching for file changes with StatReloader
[INFO] 2022-09-27 15:01:24,066 D:\Binara\nominaFC\backend\sistemafcApp\views\employee\employee.py changed, reloading.
[INFO] 2022-09-27 15:01:24,521 Watching for file changes with StatReloader
[INFO] 2022-09-27 15:01:31,312 D:\Binara\nominaFC\backend\sistemafcApp\views\employee\employeeList.py changed, reloading.
[INFO] 2022-09-27 15:01:31,777 Watching for file changes with StatReloader
[INFO] 2022-09-27 15:04:13,322 D:\Binara\nominaFC\backend\sistemafcApp\models\employee.py changed, reloading.
[INFO] 2022-09-27 15:04:13,782 Watching for file changes with StatReloader
[INFO] 2022-09-27 15:04:20,886 D:\Binara\nominaFC\backend\sistemafcApp\models\employee.py changed, reloading.
[INFO] 2022-09-27 15:04:21,346 Watching for file changes with StatReloader
[INFO] 2022-09-27 15:05:09,480 D:\Binara\nominaFC\backend\sistemafcApp\admin.py changed, reloading.
[INFO] 2022-09-27 15:05:09,932 Watching for file changes with StatReloader
[INFO] 2022-09-27 15:05:11,564 "GET /admin/ HTTP/1.1" 200 4972
[INFO] 2022-09-27 15:05:11,628 "GET /static/admin/css/base.css HTTP/1.1" 200 20344
[INFO] 2022-09-27 15:05:11,630 "GET /static/admin/css/nav_sidebar.css HTTP/1.1" 200 2619
[INFO] 2022-09-27 15:05:11,633 "GET /static/admin/css/dashboard.css HTTP/1.1" 200 380
[INFO] 2022-09-27 15:05:11,634 "GET /static/admin/css/dark_mode.css HTTP/1.1" 200 796
[INFO] 2022-09-27 15:05:11,635 "GET /static/admin/css/responsive.css HTTP/1.1" 200 18854
[INFO] 2022-09-27 15:05:11,636 "GET /static/admin/css/fonts.css HTTP/1.1" 200 423
[INFO] 2022-09-27 15:05:11,638 "GET /static/admin/js/nav_sidebar.js HTTP/1.1" 200 3763
[INFO] 2022-09-27 15:05:11,644 "GET /static/admin/img/icon-addlink.svg HTTP/1.1" 200 331
[INFO] 2022-09-27 15:05:11,645 "GET /static/admin/img/icon-changelink.svg HTTP/1.1" 200 380
[INFO] 2022-09-27 15:05:11,677 "GET /static/admin/fonts/Roboto-Light-webfont.woff HTTP/1.1" 200 85692
[INFO] 2022-09-27 15:05:11,678 "GET /static/admin/fonts/Roboto-Bold-webfont.woff HTTP/1.1" 200 86184
[INFO] 2022-09-27 15:05:11,680 "GET /static/admin/fonts/Roboto-Regular-webfont.woff HTTP/1.1" 200 85876
[WARNING] 2022-09-27 15:05:11,711 Not Found: /favicon.ico
[WARNING] 2022-09-27 15:05:11,712 "GET /favicon.ico HTTP/1.1" 404 2498
[ERROR] 2022-09-27 15:05:13,303 Internal Server Error: /admin/sistemafcApp/employee/
Traceback (most recent call last):
  File "D:\Binara\nominaFC\venv\lib\site-packages\django\db\backends\utils.py", line 89, in _execute
    return self.cursor.execute(sql, params)
  File "D:\Binara\nominaFC\venv\lib\site-packages\django\db\backends\mysql\base.py", line 75, in execute
    return self.cursor.execute(query, args)
  File "D:\Binara\nominaFC\venv\lib\site-packages\MySQLdb\cursors.py", line 206, in execute
    res = self._query(query)
  File "D:\Binara\nominaFC\venv\lib\site-packages\MySQLdb\cursors.py", line 319, in _query
    db.query(q)
  File "D:\Binara\nominaFC\venv\lib\site-packages\MySQLdb\connections.py", line 254, in query
    _mysql.connection.query(self, query)
MySQLdb.ProgrammingError: (1146, "Table 'sistemafc.sistemafcapp_employee' doesn't exist")

The above exception was the direct cause of the following exception:

Traceback (most recent call last):
  File "D:\Binara\nominaFC\venv\lib\site-packages\django\core\handlers\exception.py", line 55, in inner
    response = get_response(request)
  File "D:\Binara\nominaFC\venv\lib\site-packages\django\core\handlers\base.py", line 197, in _get_response
    response = wrapped_callback(request, *callback_args, **callback_kwargs)
  File "D:\Binara\nominaFC\venv\lib\site-packages\django\contrib\admin\options.py", line 686, in wrapper
    return self.admin_site.admin_view(view)(*args, **kwargs)
  File "D:\Binara\nominaFC\venv\lib\site-packages\django\utils\decorators.py", line 133, in _wrapped_view
    response = view_func(request, *args, **kwargs)
  File "D:\Binara\nominaFC\venv\lib\site-packages\django\views\decorators\cache.py", line 62, in _wrapped_view_func
    response = view_func(request, *args, **kwargs)
  File "D:\Binara\nominaFC\venv\lib\site-packages\django\contrib\admin\sites.py", line 242, in inner
    return view(request, *args, **kwargs)
  File "D:\Binara\nominaFC\venv\lib\site-packages\django\utils\decorators.py", line 46, in _wrapper
    return bound_method(*args, **kwargs)
  File "D:\Binara\nominaFC\venv\lib\site-packages\django\utils\decorators.py", line 133, in _wrapped_view
    response = view_func(request, *args, **kwargs)
  File "D:\Binara\nominaFC\venv\lib\site-packages\django\contrib\admin\options.py", line 1931, in changelist_view
    cl = self.get_changelist_instance(request)
  File "D:\Binara\nominaFC\venv\lib\site-packages\django\contrib\admin\options.py", line 834, in get_changelist_instance
    return ChangeList(
  File "D:\Binara\nominaFC\venv\lib\site-packages\django\contrib\admin\views\main.py", line 123, in __init__
    self.get_results(request)
  File "D:\Binara\nominaFC\venv\lib\site-packages\django\contrib\admin\views\main.py", line 279, in get_results
    result_count = paginator.count
  File "D:\Binara\nominaFC\venv\lib\site-packages\django\utils\functional.py", line 57, in __get__
    res = instance.__dict__[self.name] = self.func(instance)
  File "D:\Binara\nominaFC\venv\lib\site-packages\django\core\paginator.py", line 96, in count
    return c()
  File "D:\Binara\nominaFC\venv\lib\site-packages\django\db\models\query.py", line 621, in count
    return self.query.get_count(using=self.db)
  File "D:\Binara\nominaFC\venv\lib\site-packages\django\db\models\sql\query.py", line 559, in get_count
    return obj.get_aggregation(using, ["__count"])["__count"]
  File "D:\Binara\nominaFC\venv\lib\site-packages\django\db\models\sql\query.py", line 544, in get_aggregation
    result = compiler.execute_sql(SINGLE)
  File "D:\Binara\nominaFC\venv\lib\site-packages\django\db\models\sql\compiler.py", line 1395, in execute_sql
    cursor.execute(sql, params)
  File "D:\Binara\nominaFC\venv\lib\site-packages\django\db\backends\utils.py", line 103, in execute
    return super().execute(sql, params)
  File "D:\Binara\nominaFC\venv\lib\site-packages\django\db\backends\utils.py", line 67, in execute
    return self._execute_with_wrappers(
  File "D:\Binara\nominaFC\venv\lib\site-packages\django\db\backends\utils.py", line 80, in _execute_with_wrappers
    return executor(sql, params, many, context)
  File "D:\Binara\nominaFC\venv\lib\site-packages\django\db\backends\utils.py", line 84, in _execute
    with self.db.wrap_database_errors:
  File "D:\Binara\nominaFC\venv\lib\site-packages\django\db\utils.py", line 91, in __exit__
    raise dj_exc_value.with_traceback(traceback) from exc_value
  File "D:\Binara\nominaFC\venv\lib\site-packages\django\db\backends\utils.py", line 89, in _execute
    return self.cursor.execute(sql, params)
  File "D:\Binara\nominaFC\venv\lib\site-packages\django\db\backends\mysql\base.py", line 75, in execute
    return self.cursor.execute(query, args)
  File "D:\Binara\nominaFC\venv\lib\site-packages\MySQLdb\cursors.py", line 206, in execute
    res = self._query(query)
  File "D:\Binara\nominaFC\venv\lib\site-packages\MySQLdb\cursors.py", line 319, in _query
    db.query(q)
  File "D:\Binara\nominaFC\venv\lib\site-packages\MySQLdb\connections.py", line 254, in query
    _mysql.connection.query(self, query)
django.db.utils.ProgrammingError: (1146, "Table 'sistemafc.sistemafcapp_employee' doesn't exist")
[ERROR] 2022-09-27 15:05:13,309 "GET /admin/sistemafcApp/employee/ HTTP/1.1" 500 201268
[INFO] 2022-09-27 15:05:22,032 "GET /admin/ HTTP/1.1" 200 4972
[INFO] 2022-09-27 15:05:42,917 Watching for file changes with StatReloader
[INFO] 2022-09-27 15:05:46,476 "GET /admin/sistemafcApp/employee/ HTTP/1.1" 200 6021
[INFO] 2022-09-27 15:05:46,500 "GET /admin/jsi18n/ HTTP/1.1" 200 3343
[INFO] 2022-09-27 15:05:46,523 "GET /static/admin/css/changelists.css HTTP/1.1" 200 6395
[INFO] 2022-09-27 15:05:46,525 "GET /static/admin/js/jquery.init.js HTTP/1.1" 200 347
[INFO] 2022-09-27 15:05:46,527 "GET /static/admin/js/core.js HTTP/1.1" 200 5698
[INFO] 2022-09-27 15:05:46,528 "GET /static/admin/js/admin/RelatedObjectLookups.js HTTP/1.1" 200 8919
[INFO] 2022-09-27 15:05:46,530 "GET /static/admin/js/actions.js HTTP/1.1" 200 7872
[INFO] 2022-09-27 15:05:46,531 "GET /static/admin/js/urlify.js HTTP/1.1" 200 7902
[INFO] 2022-09-27 15:05:46,533 "GET /static/admin/js/prepopulate.js HTTP/1.1" 200 1531
[INFO] 2022-09-27 15:05:46,536 "GET /static/admin/js/vendor/xregexp/xregexp.js HTTP/1.1" 200 232381
[INFO] 2022-09-27 15:05:46,539 "GET /static/admin/js/filters.js HTTP/1.1" 200 966
[INFO] 2022-09-27 15:05:46,541 "GET /static/admin/js/vendor/jquery/jquery.js HTTP/1.1" 200 288580
[INFO] 2022-09-27 15:05:46,562 "GET /static/admin/img/tooltag-add.svg HTTP/1.1" 200 331
[INFO] 2022-09-27 15:05:48,131 "GET /admin/sistemafcApp/employee/add/ HTTP/1.1" 200 13966
[INFO] 2022-09-27 15:05:48,143 "GET /static/admin/js/prepopulate_init.js HTTP/1.1" 200 586
[INFO] 2022-09-27 15:05:48,143 "GET /static/admin/css/forms.css HTTP/1.1" 200 8944
[INFO] 2022-09-27 15:05:48,147 "GET /admin/jsi18n/ HTTP/1.1" 200 3343
[INFO] 2022-09-27 15:05:48,151 "GET /static/admin/js/change_form.js HTTP/1.1" 200 606
[INFO] 2022-09-27 15:05:48,152 "GET /static/admin/css/widgets.css HTTP/1.1" 200 11297
[INFO] 2022-09-27 15:05:58,869 D:\Binara\nominaFC\backend\sistemafcApp\admin.py changed, reloading.
[INFO] 2022-09-27 15:05:59,354 Watching for file changes with StatReloader
[INFO] 2022-09-27 15:06:00,411 "GET /admin/sistemafcApp/employee/add/ HTTP/1.1" 200 15502
[INFO] 2022-09-27 15:06:00,432 "GET /admin/jsi18n/ HTTP/1.1" 200 3343
[INFO] 2022-09-27 15:06:00,481 "GET /static/admin/img/icon-deletelink.svg HTTP/1.1" 200 392
[INFO] 2022-09-27 15:06:00,485 "GET /static/admin/img/icon-viewlink.svg HTTP/1.1" 200 581
[INFO] 2022-09-27 15:06:01,518 "GET /admin/sistemafcApp/department/ HTTP/1.1" 200 6353
[INFO] 2022-09-27 15:06:01,535 "GET /admin/jsi18n/ HTTP/1.1" 200 3343
[INFO] 2022-09-27 15:06:02,722 "GET /admin/sistemafcApp/department/add/ HTTP/1.1" 200 7001
[INFO] 2022-09-27 15:06:02,738 "GET /admin/jsi18n/ HTTP/1.1" 200 3343
[INFO] 2022-09-27 15:06:06,026 "POST /admin/sistemafcApp/department/add/ HTTP/1.1" 302 0
[INFO] 2022-09-27 15:06:06,051 "GET /admin/sistemafcApp/department/ HTTP/1.1" 200 7735
[INFO] 2022-09-27 15:06:06,068 "GET /admin/jsi18n/ HTTP/1.1" 200 3343
[INFO] 2022-09-27 15:06:06,077 "GET /static/admin/img/icon-yes.svg HTTP/1.1" 200 436
[INFO] 2022-09-27 15:06:07,526 "GET /admin/sistemafcApp/department/add/ HTTP/1.1" 200 7001
[INFO] 2022-09-27 15:06:07,543 "GET /admin/jsi18n/ HTTP/1.1" 200 3343
[INFO] 2022-09-27 15:06:10,250 "POST /admin/sistemafcApp/department/add/ HTTP/1.1" 302 0
[INFO] 2022-09-27 15:06:10,262 "GET /admin/sistemafcApp/department/ HTTP/1.1" 200 7951
[INFO] 2022-09-27 15:06:10,276 "GET /admin/jsi18n/ HTTP/1.1" 200 3343
[INFO] 2022-09-27 15:06:12,337 "GET /admin/sistemafcApp/employee/add/ HTTP/1.1" 200 15580
[INFO] 2022-09-27 15:06:12,354 "GET /admin/jsi18n/ HTTP/1.1" 200 3343
[INFO] 2022-09-27 15:07:30,584 "POST /admin/sistemafcApp/employee/add/ HTTP/1.1" 302 0
[INFO] 2022-09-27 15:07:30,597 "GET /admin/sistemafcApp/employee/ HTTP/1.1" 200 7751
[INFO] 2022-09-27 15:07:30,614 "GET /admin/jsi18n/ HTTP/1.1" 200 3343
[WARNING] 2022-09-27 15:07:47,176 Not Found: /
[WARNING] 2022-09-27 15:07:47,176 "GET / HTTP/1.1" 404 2447
[WARNING] 2022-09-27 15:07:54,137 Not Found: /api/v1.0/
[WARNING] 2022-09-27 15:07:54,138 "GET /api/v1.0/ HTTP/1.1" 404 2763
[WARNING] 2022-09-27 15:08:02,235 Unauthorized: /api/v1.0/employees/
[WARNING] 2022-09-27 15:08:02,235 "GET /api/v1.0/employees/ HTTP/1.1" 401 5147
[INFO] 2022-09-27 15:08:02,249 "GET /static/rest_framework/css/bootstrap-tweaks.css HTTP/1.1" 200 3385
[INFO] 2022-09-27 15:08:02,250 "GET /static/rest_framework/css/bootstrap.min.css HTTP/1.1" 200 121457
[INFO] 2022-09-27 15:08:02,251 "GET /static/rest_framework/css/default.css HTTP/1.1" 200 1152
[INFO] 2022-09-27 15:08:02,251 "GET /static/rest_framework/css/prettify.css HTTP/1.1" 200 817
[INFO] 2022-09-27 15:08:02,254 "GET /static/rest_framework/js/jquery-3.5.1.min.js HTTP/1.1" 200 89476
[INFO] 2022-09-27 15:08:02,254 "GET /static/rest_framework/js/ajax-form.js HTTP/1.1" 200 3597
[INFO] 2022-09-27 15:08:02,257 "GET /static/rest_framework/js/csrf.js HTTP/1.1" 200 1719
[INFO] 2022-09-27 15:08:02,258 "GET /static/rest_framework/js/bootstrap.min.js HTTP/1.1" 200 39680
[INFO] 2022-09-27 15:08:02,259 "GET /static/rest_framework/js/prettify-min.js HTTP/1.1" 200 13632
[INFO] 2022-09-27 15:08:02,260 "GET /static/rest_framework/js/default.js HTTP/1.1" 200 1268
[INFO] 2022-09-27 15:08:02,262 "GET /static/rest_framework/img/grid.png HTTP/1.1" 200 1458
[INFO] 2022-09-27 15:08:32,402 D:\Binara\nominaFC\backend\sistemafcApp\views\employee\employeeList.py changed, reloading.
[INFO] 2022-09-27 15:08:32,873 Watching for file changes with StatReloader
[INFO] 2022-09-27 15:08:35,395 "GET /api/v1.0/employees/ HTTP/1.1" 200 398
[WARNING] 2022-09-27 15:08:51,990 Unauthorized: /api/v1.0/employee/1
[WARNING] 2022-09-27 15:08:51,991 "GET /api/v1.0/employee/1 HTTP/1.1" 401 5136
[INFO] 2022-09-27 15:09:00,941 D:\Binara\nominaFC\backend\sistemafcApp\views\employee\employee.py changed, reloading.
[INFO] 2022-09-27 15:09:01,435 Watching for file changes with StatReloader
[INFO] 2022-09-27 15:09:02,360 "GET /api/v1.0/employee/1 HTTP/1.1" 200 396
[INFO] 2022-09-27 15:09:36,391 "GET /admin/sistemafcApp/employee/add/ HTTP/1.1" 200 15580
[INFO] 2022-09-27 15:09:36,407 "GET /admin/jsi18n/ HTTP/1.1" 200 3343
[INFO] 2022-09-27 15:10:20,042 "POST /admin/sistemafcApp/employee/add/ HTTP/1.1" 302 0
[INFO] 2022-09-27 15:10:20,064 "GET /admin/sistemafcApp/employee/ HTTP/1.1" 200 7983
[INFO] 2022-09-27 15:10:20,080 "GET /admin/jsi18n/ HTTP/1.1" 200 3343
[INFO] 2022-09-27 15:10:22,331 "GET /admin/sistemafcApp/employee/add/ HTTP/1.1" 200 15580
[INFO] 2022-09-27 15:10:22,347 "GET /admin/jsi18n/ HTTP/1.1" 200 3343
[INFO] 2022-09-27 15:10:38,602 "POST /admin/sistemafcApp/employee/add/ HTTP/1.1" 302 0
[INFO] 2022-09-27 15:10:38,615 "GET /admin/sistemafcApp/employee/ HTTP/1.1" 200 8203
[INFO] 2022-09-27 15:10:38,631 "GET /admin/jsi18n/ HTTP/1.1" 200 3343
[INFO] 2022-09-27 15:18:39,092 "GET /api/v1.0/employees/ HTTP/1.1" 200 1169
[INFO] 2022-09-27 15:26:33,911 D:\Binara\nominaFC\backend\sistemafcApp\serializers\employeeSerializer.py changed, reloading.
[INFO] 2022-09-27 15:26:34,413 Watching for file changes with StatReloader
[INFO] 2022-09-27 15:26:36,673 "GET /api/v1.0/employees/ HTTP/1.1" 200 1252
[INFO] 2022-09-27 15:28:09,320 D:\Binara\nominaFC\backend\sistemafcApp\views\employee\employeeList.py changed, reloading.
[INFO] 2022-09-27 15:28:09,769 Watching for file changes with StatReloader
[INFO] 2022-09-27 15:28:12,704 "GET /api/v1.0/employees/ HTTP/1.1" 200 1252
[INFO] 2022-09-27 15:28:39,767 D:\Binara\nominaFC\backend\sistemafcApp\views\employee\employeeList.py changed, reloading.
[INFO] 2022-09-27 15:28:40,251 Watching for file changes with StatReloader
[INFO] 2022-09-27 15:28:40,534 "GET /api/v1.0/employees/ HTTP/1.1" 200 527
[INFO] 2022-09-27 15:33:35,663 D:\Binara\nominaFC\backend\sistemafcApp\models\employee.py changed, reloading.
[INFO] 2022-09-27 15:33:36,122 Watching for file changes with StatReloader
[INFO] 2022-09-27 15:33:47,565 D:\Binara\nominaFC\backend\sistemafcApp\models\employee.py changed, reloading.
[INFO] 2022-09-27 15:33:48,017 Watching for file changes with StatReloader
[INFO] 2022-09-27 15:34:26,587 Watching for file changes with StatReloader
[INFO] 2022-09-27 15:34:40,155 D:\Binara\nominaFC\backend\sistemafcApp\serializers\employeeSerializer.py changed, reloading.
[INFO] 2022-09-27 15:34:40,638 Watching for file changes with StatReloader
[INFO] 2022-09-27 15:34:45,518 "GET /api/v1.0/employees/ HTTP/1.1" 200 572
[INFO] 2022-09-27 15:53:41,395 "OPTIONS /api/v1.0/employees/ HTTP/1.1" 200 0
[WARNING] 2022-09-27 15:53:41,417 Forbidden: /api/v1.0/employees/
[WARNING] 2022-09-27 15:53:41,417 "GET /api/v1.0/employees/ HTTP/1.1" 403 183
[INFO] 2022-09-27 15:54:06,058 D:\Binara\nominaFC\backend\sistemafc\settings\local.py changed, reloading.
[INFO] 2022-09-27 15:54:06,554 Watching for file changes with StatReloader
[WARNING] 2022-09-27 15:54:07,038 Forbidden: /api/v1.0/employees/
[WARNING] 2022-09-27 15:54:07,039 "GET /api/v1.0/employees/ HTTP/1.1" 403 183
[INFO] 2022-09-27 15:54:16,991 Watching for file changes with StatReloader
[WARNING] 2022-09-27 15:54:19,865 Forbidden: /api/v1.0/employees/
[WARNING] 2022-09-27 15:54:19,866 "GET /api/v1.0/employees/ HTTP/1.1" 403 183
[INFO] 2022-09-27 15:56:19,919 D:\Binara\nominaFC\backend\sistemafcApp\views\employee\employeeList.py changed, reloading.
[INFO] 2022-09-27 15:56:20,381 Watching for file changes with StatReloader
[WARNING] 2022-09-27 16:03:27,314 Unauthorized: /api/v1.0/employees/
[WARNING] 2022-09-27 16:03:27,314 "GET /api/v1.0/employees/ HTTP/1.1" 401 183
[WARNING] 2022-09-27 16:12:48,245 Not Found: /
[WARNING] 2022-09-27 16:12:48,246 "GET / HTTP/1.1" 404 2447
[WARNING] 2022-09-27 16:23:28,783 Unauthorized: /api/v1.0/employees/
[WARNING] 2022-09-27 16:23:28,783 "GET /api/v1.0/employees/ HTTP/1.1" 401 183
[INFO] 2022-09-27 16:23:28,788 "OPTIONS /api/token/refresh/ HTTP/1.1" 200 0
[WARNING] 2022-09-27 16:23:28,789 Bad Request: /api/token/refresh/
[WARNING] 2022-09-27 16:23:28,790 "POST /api/token/refresh/ HTTP/1.1" 400 39
[WARNING] 2022-09-27 16:23:28,793 Unauthorized: /api/v1.0/employees/
[WARNING] 2022-09-27 16:23:28,794 "GET /api/v1.0/employees/ HTTP/1.1" 401 183
[INFO] 2022-09-27 16:24:08,271 "OPTIONS /api/token/ HTTP/1.1" 200 0
[INFO] 2022-09-27 16:24:08,429 "POST /api/token/ HTTP/1.1" 200 483
[INFO] 2022-09-27 16:24:43,944 "GET /admin/sistemafcApp/employee/add/ HTTP/1.1" 200 16044
[INFO] 2022-09-27 16:24:44,718 "GET /admin/authtoken/tokenproxy/ HTTP/1.1" 200 6271
[INFO] 2022-09-27 16:24:44,731 "GET /static/admin/css/base.css HTTP/1.1" 304 0
[INFO] 2022-09-27 16:24:44,731 "GET /static/admin/css/dark_mode.css HTTP/1.1" 304 0
[INFO] 2022-09-27 16:24:44,731 "GET /static/admin/css/nav_sidebar.css HTTP/1.1" 304 0
[INFO] 2022-09-27 16:24:44,734 "GET /static/admin/js/vendor/jquery/jquery.js HTTP/1.1" 304 0
[INFO] 2022-09-27 16:24:44,734 "GET /static/admin/css/changelists.css HTTP/1.1" 304 0
[INFO] 2022-09-27 16:24:44,734 "GET /static/admin/css/responsive.css HTTP/1.1" 304 0
[INFO] 2022-09-27 16:24:44,736 "GET /static/admin/js/jquery.init.js HTTP/1.1" 304 0
[INFO] 2022-09-27 16:24:44,736 "GET /static/admin/js/core.js HTTP/1.1" 304 0
[INFO] 2022-09-27 16:24:44,737 "GET /static/admin/js/admin/RelatedObjectLookups.js HTTP/1.1" 304 0
[INFO] 2022-09-27 16:24:44,738 "GET /static/admin/css/fonts.css HTTP/1.1" 304 0
[INFO] 2022-09-27 16:24:44,738 "GET /static/admin/js/actions.js HTTP/1.1" 304 0
[INFO] 2022-09-27 16:24:44,739 "GET /static/admin/js/urlify.js HTTP/1.1" 304 0
[INFO] 2022-09-27 16:24:44,739 "GET /static/admin/js/prepopulate.js HTTP/1.1" 304 0
[INFO] 2022-09-27 16:24:44,740 "GET /static/admin/js/vendor/xregexp/xregexp.js HTTP/1.1" 304 0
[INFO] 2022-09-27 16:24:44,745 "GET /static/admin/js/nav_sidebar.js HTTP/1.1" 304 0
[INFO] 2022-09-27 16:24:44,745 "GET /static/admin/js/filters.js HTTP/1.1" 304 0
[INFO] 2022-09-27 16:24:44,749 "GET /static/admin/fonts/Roboto-Regular-webfont.woff HTTP/1.1" 304 0
[INFO] 2022-09-27 16:24:44,750 "GET /static/admin/img/icon-addlink.svg HTTP/1.1" 304 0
[INFO] 2022-09-27 16:24:44,750 "GET /static/admin/fonts/Roboto-Light-webfont.woff HTTP/1.1" 304 0
[INFO] 2022-09-27 16:24:44,751 "GET /static/admin/fonts/Roboto-Bold-webfont.woff HTTP/1.1" 304 0
[INFO] 2022-09-27 16:24:44,753 "GET /static/admin/img/tooltag-add.svg HTTP/1.1" 304 0
[INFO] 2022-09-27 16:24:46,310 "GET /admin/authtoken/tokenproxy/ HTTP/1.1" 200 6271
[INFO] 2022-09-27 16:24:48,369 "GET /admin/authtoken/tokenproxy/add/ HTTP/1.1" 200 7899
[INFO] 2022-09-27 16:24:48,383 "GET /static/admin/css/forms.css HTTP/1.1" 304 0
[INFO] 2022-09-27 16:24:48,387 "GET /admin/jsi18n/ HTTP/1.1" 200 3343
[INFO] 2022-09-27 16:24:48,390 "GET /static/admin/js/prepopulate_init.js HTTP/1.1" 304 0
[INFO] 2022-09-27 16:24:48,390 "GET /static/admin/css/widgets.css HTTP/1.1" 304 0
[INFO] 2022-09-27 16:24:48,393 "GET /static/admin/img/icon-changelink.svg HTTP/1.1" 304 0
[INFO] 2022-09-27 16:24:48,393 "GET /static/admin/img/icon-viewlink.svg HTTP/1.1" 304 0
[INFO] 2022-09-27 16:24:48,401 "GET /static/admin/js/change_form.js HTTP/1.1" 304 0
[INFO] 2022-09-27 16:24:51,735 "POST /admin/authtoken/tokenproxy/add/ HTTP/1.1" 302 0
[INFO] 2022-09-27 16:24:51,747 "GET /admin/authtoken/tokenproxy/ HTTP/1.1" 200 7542
[INFO] 2022-09-27 16:24:51,773 "GET /static/admin/img/icon-yes.svg HTTP/1.1" 304 0
[INFO] 2022-09-27 16:24:51,810 "GET /static/admin/img/sorting-icons.svg HTTP/1.1" 200 1097
[INFO] 2022-09-27 16:24:54,241 "GET /admin/authtoken/tokenproxy/1/change/ HTTP/1.1" 200 8247
[INFO] 2022-09-27 16:24:54,258 "GET /admin/jsi18n/ HTTP/1.1" 200 3343
[INFO] 2022-09-27 16:24:55,917 "GET /admin/authtoken/tokenproxy/1/delete/ HTTP/1.1" 200 6350
[INFO] 2022-09-27 16:24:55,928 "GET /static/admin/js/cancel.js HTTP/1.1" 200 884
[INFO] 2022-09-27 16:24:57,160 "POST /admin/authtoken/tokenproxy/1/delete/ HTTP/1.1" 302 0
[INFO] 2022-09-27 16:24:57,171 "GET /admin/authtoken/tokenproxy/ HTTP/1.1" 200 6459
[INFO] 2022-09-27 16:25:58,073 "POST /api/token/ HTTP/1.1" 200 483
[INFO] 2022-09-27 16:27:13,024 "POST /api/token/ HTTP/1.1" 200 483
[INFO] 2022-09-27 16:27:40,207 "POST /api/token/ HTTP/1.1" 200 483
[WARNING] 2022-09-27 16:29:52,202 Unauthorized: /api/v1.0/employees/
[WARNING] 2022-09-27 16:29:52,203 "GET /api/v1.0/employees/ HTTP/1.1" 401 183
[INFO] 2022-09-27 16:30:23,101 "POST /api/token/ HTTP/1.1" 200 483
[INFO] 2022-09-27 16:33:44,017 "POST /api/token/ HTTP/1.1" 200 483
[INFO] 2022-09-27 16:34:32,709 "POST /api/token/ HTTP/1.1" 200 483
[WARNING] 2022-09-27 16:34:39,882 Unauthorized: /api/v1.0/employees/
[WARNING] 2022-09-27 16:34:39,882 "GET /api/v1.0/employees/ HTTP/1.1" 401 183
[WARNING] 2022-09-27 16:34:39,889 Bad Request: /api/token/refresh/
[WARNING] 2022-09-27 16:34:39,889 "POST /api/token/refresh/ HTTP/1.1" 400 39
[WARNING] 2022-09-27 16:34:39,893 Unauthorized: /api/v1.0/employees/
[WARNING] 2022-09-27 16:34:39,894 "GET /api/v1.0/employees/ HTTP/1.1" 401 183
[WARNING] 2022-09-27 16:35:43,083 Unauthorized: /api/v1.0/employees/
[WARNING] 2022-09-27 16:35:43,083 "GET /api/v1.0/employees/ HTTP/1.1" 401 58
[WARNING] 2022-09-27 16:35:43,088 Bad Request: /api/token/refresh/
[WARNING] 2022-09-27 16:35:43,088 "POST /api/token/refresh/ HTTP/1.1" 400 39
[WARNING] 2022-09-27 16:35:43,092 Unauthorized: /api/v1.0/employees/
[WARNING] 2022-09-27 16:35:43,093 "GET /api/v1.0/employees/ HTTP/1.1" 401 58
[INFO] 2022-09-27 16:35:55,721 "POST /api/token/ HTTP/1.1" 200 483
[WARNING] 2022-09-27 16:35:58,253 Unauthorized: /api/v1.0/employees/
[WARNING] 2022-09-27 16:35:58,254 "GET /api/v1.0/employees/ HTTP/1.1" 401 183
[INFO] 2022-09-27 16:35:58,259 "POST /api/token/refresh/ HTTP/1.1" 200 241
[WARNING] 2022-09-27 16:35:58,265 Unauthorized: /api/v1.0/employees/
[WARNING] 2022-09-27 16:35:58,265 "GET /api/v1.0/employees/ HTTP/1.1" 401 183
[INFO] 2022-09-27 16:39:47,726 D:\Binara\nominaFC\backend\sistemafc\settings\base.py changed, reloading.
[INFO] 2022-09-27 16:39:48,150 Watching for file changes with StatReloader
[INFO] 2022-09-27 16:40:27,120 D:\Binara\nominaFC\backend\sistemafc\settings\base.py changed, reloading.
[INFO] 2022-09-27 16:40:27,645 Watching for file changes with StatReloader
[INFO] 2022-09-27 16:40:40,225 "POST /api/token/ HTTP/1.1" 200 483
[WARNING] 2022-09-27 16:40:48,317 Unauthorized: /api/v1.0/employees/
[WARNING] 2022-09-27 16:40:48,318 "GET /api/v1.0/employees/ HTTP/1.1" 401 183
[INFO] 2022-09-27 16:40:48,323 "POST /api/token/refresh/ HTTP/1.1" 200 241
[WARNING] 2022-09-27 16:40:48,326 Unauthorized: /api/v1.0/employees/
[WARNING] 2022-09-27 16:40:48,326 "GET /api/v1.0/employees/ HTTP/1.1" 401 183
[INFO] 2022-09-27 16:44:14,207 D:\Binara\nominaFC\backend\sistemafc\settings\base.py changed, reloading.
[INFO] 2022-09-27 16:44:14,763 Watching for file changes with StatReloader
[INFO] 2022-09-27 16:44:27,070 Watching for file changes with StatReloader
[WARNING] 2022-09-27 16:45:22,465 Unauthorized: /api/v1.0/employees/
[WARNING] 2022-09-27 16:45:22,466 "GET /api/v1.0/employees/ HTTP/1.1" 401 183
[INFO] 2022-09-27 16:45:22,471 "POST /api/token/refresh/ HTTP/1.1" 200 241
[WARNING] 2022-09-27 16:45:22,475 Unauthorized: /api/v1.0/employees/
[WARNING] 2022-09-27 16:45:22,476 "GET /api/v1.0/employees/ HTTP/1.1" 401 183
[INFO] 2022-09-27 16:45:33,024 "POST /api/token/ HTTP/1.1" 200 483
[WARNING] 2022-09-27 16:45:36,127 Unauthorized: /api/v1.0/employees/
[WARNING] 2022-09-27 16:45:36,127 "GET /api/v1.0/employees/ HTTP/1.1" 401 183
[INFO] 2022-09-27 16:45:36,132 "POST /api/token/refresh/ HTTP/1.1" 200 241
[WARNING] 2022-09-27 16:45:36,136 Unauthorized: /api/v1.0/employees/
[WARNING] 2022-09-27 16:45:36,136 "GET /api/v1.0/employees/ HTTP/1.1" 401 183
[INFO] 2022-09-27 16:46:45,110 D:\Binara\nominaFC\backend\sistemafc\settings\base.py changed, reloading.
[INFO] 2022-09-27 16:46:45,646 Watching for file changes with StatReloader
[INFO] 2022-09-27 16:54:00,562 D:\Binara\nominaFC\backend\sistemafcApp\views\employee\employeeList.py changed, reloading.
[INFO] 2022-09-27 16:54:01,128 Watching for file changes with StatReloader
[WARNING] 2022-09-27 16:54:17,170 Unauthorized: /api/v1.0/employees/
[WARNING] 2022-09-27 16:54:17,170 "GET /api/v1.0/employees/ HTTP/1.1" 401 5147
[INFO] 2022-09-27 16:54:17,233 "GET /static/rest_framework/css/bootstrap-tweaks.css HTTP/1.1" 200 3385
[INFO] 2022-09-27 16:54:17,234 "GET /static/rest_framework/css/prettify.css HTTP/1.1" 200 817
[INFO] 2022-09-27 16:54:17,236 "GET /static/rest_framework/css/default.css HTTP/1.1" 200 1152
[INFO] 2022-09-27 16:54:17,237 "GET /static/rest_framework/css/bootstrap.min.css HTTP/1.1" 200 121457
[INFO] 2022-09-27 16:54:17,238 "GET /static/rest_framework/js/jquery-3.5.1.min.js HTTP/1.1" 200 89476
[INFO] 2022-09-27 16:54:17,239 "GET /static/rest_framework/js/ajax-form.js HTTP/1.1" 200 3597
[INFO] 2022-09-27 16:54:17,241 "GET /static/rest_framework/js/csrf.js HTTP/1.1" 200 1719
[INFO] 2022-09-27 16:54:17,242 "GET /static/rest_framework/js/bootstrap.min.js HTTP/1.1" 200 39680
[INFO] 2022-09-27 16:54:17,243 "GET /static/rest_framework/js/prettify-min.js HTTP/1.1" 200 13632
[INFO] 2022-09-27 16:54:17,244 "GET /static/rest_framework/js/default.js HTTP/1.1" 200 1268
[INFO] 2022-09-27 16:54:17,247 "GET /static/rest_framework/img/grid.png HTTP/1.1" 200 1458
[WARNING] 2022-09-27 16:54:17,289 Not Found: /favicon.ico
[WARNING] 2022-09-27 16:54:17,289 "GET /favicon.ico HTTP/1.1" 404 2498
[WARNING] 2022-09-27 16:54:51,229 Unauthorized: /api/v1.0/employees/
[WARNING] 2022-09-27 16:54:51,229 "GET /api/v1.0/employees/ HTTP/1.1" 401 5147
[WARNING] 2022-09-27 16:54:52,863 Unauthorized: /api/v1.0/employees/
[WARNING] 2022-09-27 16:54:52,863 "GET /api/v1.0/employees/ HTTP/1.1" 401 5147
[INFO] 2022-09-27 16:54:59,724 Watching for file changes with StatReloader
[WARNING] 2022-09-27 16:55:01,666 Unauthorized: /api/v1.0/employees/
[WARNING] 2022-09-27 16:55:01,666 "GET /api/v1.0/employees/ HTTP/1.1" 401 5147
[WARNING] 2022-09-27 16:55:03,042 Unauthorized: /api/v1.0/employees/
[WARNING] 2022-09-27 16:55:03,042 "GET /api/v1.0/employees/ HTTP/1.1" 401 5147
[WARNING] 2022-09-27 16:55:04,974 Unauthorized: /api/v1.0/employees/
[WARNING] 2022-09-27 16:55:04,975 "GET /api/v1.0/employees/ HTTP/1.1" 401 5147
[WARNING] 2022-09-27 16:55:06,262 Unauthorized: /api/v1.0/employees/
[WARNING] 2022-09-27 16:55:06,262 "GET /api/v1.0/employees/ HTTP/1.1" 401 5147
[INFO] 2022-09-27 16:55:21,067 D:\Binara\nominaFC\backend\sistemafcApp\views\employee\employeeList.py changed, reloading.
[INFO] 2022-09-27 16:55:21,599 Watching for file changes with StatReloader
[INFO] 2022-09-27 16:55:22,900 "GET /api/v1.0/employees/ HTTP/1.1" 200 572
[INFO] 2022-09-27 16:55:28,726 "GET /api/v1.0/employees/ HTTP/1.1" 200 572
[INFO] 2022-09-27 16:55:51,354 D:\Binara\nominaFC\backend\sistemafcApp\views\employee\employeeList.py changed, reloading.
[INFO] 2022-09-27 16:55:51,913 Watching for file changes with StatReloader
[WARNING] 2022-09-27 16:55:53,140 Unauthorized: /api/v1.0/employees/
[WARNING] 2022-09-27 16:55:53,140 "GET /api/v1.0/employees/ HTTP/1.1" 401 183
[INFO] 2022-09-27 16:55:53,146 "POST /api/token/refresh/ HTTP/1.1" 200 241
[WARNING] 2022-09-27 16:55:53,150 Unauthorized: /api/v1.0/employees/
[WARNING] 2022-09-27 16:55:53,150 "GET /api/v1.0/employees/ HTTP/1.1" 401 183
[INFO] 2022-09-27 16:58:16,259 D:\Binara\nominaFC\backend\sistemafcApp\views\employee\employeeList.py changed, reloading.
[INFO] 2022-09-27 16:58:16,810 Watching for file changes with StatReloader
[WARNING] 2022-09-27 16:58:22,452 Unauthorized: /api/v1.0/employees/
[WARNING] 2022-09-27 16:58:22,453 "GET /api/v1.0/employees/ HTTP/1.1" 401 5147
[WARNING] 2022-09-27 17:41:32,989 Unauthorized: /api/v1.0/employees/
[WARNING] 2022-09-27 17:41:32,990 "GET /api/v1.0/employees/ HTTP/1.1" 401 183
[INFO] 2022-09-27 17:41:32,996 "POST /api/token/refresh/ HTTP/1.1" 200 241
[WARNING] 2022-09-27 17:41:32,999 Unauthorized: /api/v1.0/employees/
[WARNING] 2022-09-27 17:41:32,999 "GET /api/v1.0/employees/ HTTP/1.1" 401 183
[INFO] 2022-09-27 17:42:32,882 "POST /api/token/ HTTP/1.1" 200 483
[INFO] 2022-09-27 17:43:12,877 "POST /api/token/ HTTP/1.1" 200 483
[WARNING] 2022-09-27 17:45:46,158 Unauthorized: /api/v1.0/employees/
[WARNING] 2022-09-27 17:45:46,158 "GET /api/v1.0/employees/ HTTP/1.1" 401 183
[INFO] 2022-09-27 17:45:46,164 "POST /api/token/refresh/ HTTP/1.1" 200 241
[WARNING] 2022-09-27 17:45:46,169 Unauthorized: /api/v1.0/employees/
[WARNING] 2022-09-27 17:45:46,169 "GET /api/v1.0/employees/ HTTP/1.1" 401 183
[INFO] 2022-09-27 17:46:20,350 Watching for file changes with StatReloader
[WARNING] 2022-09-27 17:46:22,190 Unauthorized: /api/v1.0/employees/
[WARNING] 2022-09-27 17:46:22,191 "GET /api/v1.0/employees/ HTTP/1.1" 401 183
[INFO] 2022-09-27 17:46:22,196 "POST /api/token/refresh/ HTTP/1.1" 200 241
[WARNING] 2022-09-27 17:46:22,199 Unauthorized: /api/v1.0/employees/
[WARNING] 2022-09-27 17:46:22,199 "GET /api/v1.0/employees/ HTTP/1.1" 401 183
[INFO] 2022-09-27 17:49:11,114 Watching for file changes with StatReloader
[WARNING] 2022-09-27 17:49:18,093 Unauthorized: /api/v1.0/employees/
[WARNING] 2022-09-27 17:49:18,094 "GET /api/v1.0/employees/ HTTP/1.1" 401 183
[INFO] 2022-09-27 17:49:18,099 "POST /api/token/refresh/ HTTP/1.1" 200 241
[WARNING] 2022-09-27 17:49:18,103 Unauthorized: /api/v1.0/employees/
[WARNING] 2022-09-27 17:49:18,103 "GET /api/v1.0/employees/ HTTP/1.1" 401 183
[INFO] 2022-09-27 17:53:52,017 "GET /api/v1.0/employees HTTP/1.1" 301 0
[WARNING] 2022-09-27 17:53:52,021 Unauthorized: /api/v1.0/employees/
[WARNING] 2022-09-27 17:53:52,021 "GET /api/v1.0/employees/ HTTP/1.1" 401 58
[INFO] 2022-09-27 17:54:33,934 "GET /api/v1.0/employees HTTP/1.1" 301 0
[INFO] 2022-09-27 17:54:33,948 "GET /api/v1.0/employees/ HTTP/1.1" 200 572
[INFO] 2022-09-27 17:59:52,553 "OPTIONS /api/v1.0/employees/ HTTP/1.1" 200 0
[WARNING] 2022-09-27 17:59:52,555 Unauthorized: /api/v1.0/employees/
[WARNING] 2022-09-27 17:59:52,555 "GET /api/v1.0/employees/ HTTP/1.1" 401 183
[INFO] 2022-09-27 17:59:52,560 "POST /api/token/refresh/ HTTP/1.1" 200 241
[INFO] 2022-09-27 17:59:52,572 "GET /api/v1.0/employees/ HTTP/1.1" 200 572
[INFO] 2022-09-27 18:00:03,395 "POST /api/token/ HTTP/1.1" 200 483
[INFO] 2022-09-27 18:00:23,259 "GET /api/v1.0/employees/ HTTP/1.1" 200 572
[INFO] 2022-09-27 18:02:24,898 "GET /api/v1.0/employees/ HTTP/1.1" 200 572
[INFO] 2022-09-27 18:03:43,491 "GET /api/v1.0/employees/ HTTP/1.1" 200 572
[INFO] 2022-09-27 18:03:54,326 "GET /admin/sistemafcApp/employee/ HTTP/1.1" 200 7433
[INFO] 2022-09-27 18:03:54,390 "GET /static/admin/css/dark_mode.css HTTP/1.1" 200 796
[INFO] 2022-09-27 18:03:54,393 "GET /static/admin/css/nav_sidebar.css HTTP/1.1" 200 2619
[INFO] 2022-09-27 18:03:54,393 "GET /static/admin/css/base.css HTTP/1.1" 200 20344
[INFO] 2022-09-27 18:03:54,395 "GET /static/admin/css/changelists.css HTTP/1.1" 200 6395
[INFO] 2022-09-27 18:03:54,395 "GET /static/admin/css/responsive.css HTTP/1.1" 200 18854
[INFO] 2022-09-27 18:03:54,399 "GET /static/admin/css/fonts.css HTTP/1.1" 200 423
[INFO] 2022-09-27 18:03:54,403 "GET /admin/jsi18n/ HTTP/1.1" 200 3343
[INFO] 2022-09-27 18:03:54,405 "GET /static/admin/js/vendor/jquery/jquery.js HTTP/1.1" 200 288580
[INFO] 2022-09-27 18:03:54,405 "GET /static/admin/js/jquery.init.js HTTP/1.1" 200 347
[INFO] 2022-09-27 18:03:54,407 "GET /static/admin/js/core.js HTTP/1.1" 200 5698
[INFO] 2022-09-27 18:03:54,409 "GET /static/admin/js/actions.js HTTP/1.1" 200 7872
[INFO] 2022-09-27 18:03:54,409 "GET /static/admin/js/admin/RelatedObjectLookups.js HTTP/1.1" 200 8919
[INFO] 2022-09-27 18:03:54,411 "GET /static/admin/js/prepopulate.js HTTP/1.1" 200 1531
[INFO] 2022-09-27 18:03:54,411 "GET /static/admin/js/urlify.js HTTP/1.1" 200 7902
[INFO] 2022-09-27 18:03:54,414 "GET /static/admin/js/vendor/xregexp/xregexp.js HTTP/1.1" 200 232381
[INFO] 2022-09-27 18:03:54,420 "GET /static/admin/js/nav_sidebar.js HTTP/1.1" 200 3763
[INFO] 2022-09-27 18:03:54,421 "GET /static/admin/js/filters.js HTTP/1.1" 200 966
[INFO] 2022-09-27 18:03:54,429 "GET /static/admin/img/icon-addlink.svg HTTP/1.1" 200 331
[INFO] 2022-09-27 18:03:54,429 "GET /static/admin/img/tooltag-add.svg HTTP/1.1" 200 331
[INFO] 2022-09-27 18:03:54,434 "GET /static/admin/fonts/Roboto-Light-webfont.woff HTTP/1.1" 200 85692
[INFO] 2022-09-27 18:03:54,435 "GET /static/admin/fonts/Roboto-Regular-webfont.woff HTTP/1.1" 200 85876
[INFO] 2022-09-27 18:03:54,437 "GET /static/admin/fonts/Roboto-Bold-webfont.woff HTTP/1.1" 200 86184
[WARNING] 2022-09-27 18:03:54,466 Not Found: /favicon.ico
[WARNING] 2022-09-27 18:03:54,467 "GET /favicon.ico HTTP/1.1" 404 2498
[INFO] 2022-09-27 18:03:55,456 "GET /admin/sistemafcApp/employee/3/change/ HTTP/1.1" 200 15845
[INFO] 2022-09-27 18:03:55,467 "GET /static/admin/css/forms.css HTTP/1.1" 200 8944
[INFO] 2022-09-27 18:03:55,471 "GET /admin/jsi18n/ HTTP/1.1" 200 3343
[INFO] 2022-09-27 18:03:55,477 "GET /static/admin/js/prepopulate_init.js HTTP/1.1" 200 586
[INFO] 2022-09-27 18:03:55,477 "GET /static/admin/css/widgets.css HTTP/1.1" 200 11297
[INFO] 2022-09-27 18:03:55,481 "GET /static/admin/img/icon-changelink.svg HTTP/1.1" 200 380
[INFO] 2022-09-27 18:03:55,481 "GET /static/admin/img/icon-deletelink.svg HTTP/1.1" 200 392
[INFO] 2022-09-27 18:03:55,488 "GET /static/admin/img/icon-viewlink.svg HTTP/1.1" 200 581
[INFO] 2022-09-27 18:03:55,489 "GET /static/admin/js/change_form.js HTTP/1.1" 200 606
[INFO] 2022-09-27 18:04:00,669 "POST /admin/sistemafcApp/employee/3/change/ HTTP/1.1" 302 0
[INFO] 2022-09-27 18:04:00,682 "GET /admin/sistemafcApp/employee/ HTTP/1.1" 200 7656
[INFO] 2022-09-27 18:04:00,699 "GET /admin/jsi18n/ HTTP/1.1" 200 3343
[INFO] 2022-09-27 18:04:00,710 "GET /static/admin/img/icon-yes.svg HTTP/1.1" 200 436
[INFO] 2022-09-27 18:04:03,445 "GET /api/v1.0/employees/ HTTP/1.1" 200 578
[INFO] 2022-09-27 18:04:09,056 "GET /api/v1.0/employees/ HTTP/1.1" 200 578
[INFO] 2022-09-27 18:04:39,096 "GET /api/v1.0/employees/ HTTP/1.1" 200 578
[INFO] 2022-09-27 18:05:36,339 "GET /api/v1.0/employees/ HTTP/1.1" 200 578
[INFO] 2022-09-27 18:06:20,035 "GET /admin/sistemafcApp/employee/3/change/ HTTP/1.1" 200 15853
[INFO] 2022-09-27 18:06:20,053 "GET /admin/jsi18n/ HTTP/1.1" 200 3343
[INFO] 2022-09-27 18:06:23,343 "POST /admin/sistemafcApp/employee/3/change/ HTTP/1.1" 200 15986
[INFO] 2022-09-27 18:06:23,357 "GET /admin/jsi18n/ HTTP/1.1" 200 3343
[INFO] 2022-09-27 18:07:27,394 D:\Binara\nominaFC\backend\sistemafcApp\models\employee.py changed, reloading.
[INFO] 2022-09-27 18:07:27,984 Watching for file changes with StatReloader
[INFO] 2022-09-27 18:08:24,266 Watching for file changes with StatReloader
[INFO] 2022-09-27 18:08:28,611 "POST /admin/sistemafcApp/employee/3/change/ HTTP/1.1" 302 0
[INFO] 2022-09-27 18:08:28,651 "GET /admin/sistemafcApp/employee/ HTTP/1.1" 200 7656
[INFO] 2022-09-27 18:08:28,670 "GET /admin/jsi18n/ HTTP/1.1" 200 3343
[INFO] 2022-09-27 18:08:29,763 "GET /admin/sistemafcApp/employee/3/change/ HTTP/1.1" 200 16196
[INFO] 2022-09-27 18:08:29,778 "GET /admin/jsi18n/ HTTP/1.1" 200 3343
[INFO] 2022-09-27 18:08:34,093 "POST /admin/sistemafcApp/employee/3/change/ HTTP/1.1" 302 0
[INFO] 2022-09-27 18:08:34,105 "GET /admin/sistemafcApp/employee/ HTTP/1.1" 200 7656
[INFO] 2022-09-27 18:08:34,122 "GET /admin/jsi18n/ HTTP/1.1" 200 3343
[INFO] 2022-09-27 18:08:51,004 D:\Binara\nominaFC\backend\sistemafcApp\serializers\employeeSerializer.py changed, reloading.
[INFO] 2022-09-27 18:08:51,569 Watching for file changes with StatReloader
[INFO] 2022-09-27 18:08:54,810 "GET /api/v1.0/employees/ HTTP/1.1" 200 625
[INFO] 2022-09-27 18:09:04,808 "GET /admin/sistemafcApp/employee/2/change/ HTTP/1.1" 200 16246
[INFO] 2022-09-27 18:09:04,823 "GET /admin/jsi18n/ HTTP/1.1" 200 3343
[INFO] 2022-09-27 18:09:07,075 "POST /admin/sistemafcApp/employee/2/change/ HTTP/1.1" 302 0
[INFO] 2022-09-27 18:09:07,095 "GET /admin/sistemafcApp/employee/ HTTP/1.1" 200 7663
[INFO] 2022-09-27 18:09:07,112 "GET /admin/jsi18n/ HTTP/1.1" 200 3343
[INFO] 2022-09-27 18:09:09,460 "GET /api/v1.0/employees/ HTTP/1.1" 200 624
[INFO] 2022-09-27 18:17:38,845 "GET /api/v1.0/employees/ HTTP/1.1" 200 624
[INFO] 2022-09-27 18:18:02,753 "GET /api/v1.0/employees/ HTTP/1.1" 200 624
[INFO] 2022-09-27 18:18:53,723 "GET /api/v1.0/employees/ HTTP/1.1" 200 624
[INFO] 2022-09-27 18:19:03,336 "GET /api/v1.0/employees/ HTTP/1.1" 200 624
[INFO] 2022-09-27 18:19:08,109 "GET /api/v1.0/employees/ HTTP/1.1" 200 624
[INFO] 2022-09-27 18:19:11,705 "GET /api/v1.0/employees/ HTTP/1.1" 200 624
[INFO] 2022-09-27 18:21:59,960 "GET /api/v1.0/employees/ HTTP/1.1" 200 624
[INFO] 2022-09-27 18:24:28,467 "GET /api/v1.0/employees/ HTTP/1.1" 200 624
[INFO] 2022-09-27 18:24:56,108 "GET /api/v1.0/employees/ HTTP/1.1" 200 624
[INFO] 2022-09-27 18:25:45,650 "GET /api/v1.0/employees/ HTTP/1.1" 200 624
[INFO] 2022-09-27 18:26:03,095 "GET /api/v1.0/employees/ HTTP/1.1" 200 624
[INFO] 2022-09-27 18:26:50,858 "GET /api/v1.0/employees/ HTTP/1.1" 200 624
[INFO] 2022-09-27 18:27:01,110 "GET /api/v1.0/employees/ HTTP/1.1" 200 624
[INFO] 2022-09-27 18:33:50,115 "GET /api/v1.0/employees/ HTTP/1.1" 200 624
[INFO] 2022-09-27 18:39:01,695 "GET /api/v1.0/employees/ HTTP/1.1" 200 624
[INFO] 2022-09-27 18:40:42,030 "OPTIONS /api/v1.0/employee/ HTTP/1.1" 200 0
[WARNING] 2022-09-27 18:40:42,037 Not Found: /api/v1.0/employee/
[WARNING] 2022-09-27 18:40:42,038 "POST /api/v1.0/employee/ HTTP/1.1" 404 2791
[INFO] 2022-09-27 18:42:34,236 D:\Binara\nominaFC\backend\sistemafcApp\urls.py changed, reloading.
[INFO] 2022-09-27 18:42:34,810 Watching for file changes with StatReloader
[WARNING] 2022-09-27 18:42:43,275 Bad Request: /api/v1.0/employee/
[WARNING] 2022-09-27 18:42:43,275 "POST /api/v1.0/employee/ HTTP/1.1" 400 68
[INFO] 2022-09-27 18:43:08,148 D:\Binara\nominaFC\backend\sistemafcApp\views\employee\employee.py changed, reloading.
[INFO] 2022-09-27 18:43:08,695 Watching for file changes with StatReloader
[INFO] 2022-09-27 18:43:14,712 D:\Binara\nominaFC\backend\sistemafcApp\views\employee\employee.py changed, reloading.
[INFO] 2022-09-27 18:43:15,323 Watching for file changes with StatReloader
[WARNING] 2022-09-27 18:43:16,515 Bad Request: /api/v1.0/employee/
[WARNING] 2022-09-27 18:43:16,516 "POST /api/v1.0/employee/ HTTP/1.1" 400 68
[WARNING] 2022-09-27 18:44:07,335 Bad Request: /api/v1.0/employee/
[WARNING] 2022-09-27 18:44:07,335 "POST /api/v1.0/employee/ HTTP/1.1" 400 68
[INFO] 2022-09-27 18:44:13,877 "GET /api/v1.0/employees/ HTTP/1.1" 200 624
[INFO] 2022-09-27 18:44:15,924 "OPTIONS /api/v1.0/employees/ HTTP/1.1" 200 0
[INFO] 2022-09-27 18:44:15,932 "GET /api/v1.0/employees/ HTTP/1.1" 200 624
[WARNING] 2022-09-27 18:44:31,127 Bad Request: /api/v1.0/employee/
[WARNING] 2022-09-27 18:44:31,128 "POST /api/v1.0/employee/ HTTP/1.1" 400 68
[INFO] 2022-09-27 18:45:20,460 "GET /api/v1.0/employees/ HTTP/1.1" 200 624
[WARNING] 2022-09-27 18:45:22,805 Bad Request: /api/v1.0/employee/
[WARNING] 2022-09-27 18:45:22,806 "POST /api/v1.0/employee/ HTTP/1.1" 400 68
[INFO] 2022-09-27 18:47:31,866 D:\Binara\nominaFC\backend\sistemafcApp\models\employee.py changed, reloading.
[INFO] 2022-09-27 18:47:32,491 Watching for file changes with StatReloader
[INFO] 2022-09-27 18:47:44,753 Watching for file changes with StatReloader
[ERROR] 2022-09-27 18:47:47,935 Internal Server Error: /api/v1.0/employee/
Traceback (most recent call last):
  File "D:\Binara\nominaFC\venv\lib\site-packages\django\db\backends\mysql\base.py", line 75, in execute
    return self.cursor.execute(query, args)
  File "D:\Binara\nominaFC\venv\lib\site-packages\MySQLdb\cursors.py", line 206, in execute
    res = self._query(query)
  File "D:\Binara\nominaFC\venv\lib\site-packages\MySQLdb\cursors.py", line 319, in _query
    db.query(q)
  File "D:\Binara\nominaFC\venv\lib\site-packages\MySQLdb\connections.py", line 254, in query
    _mysql.connection.query(self, query)
MySQLdb.OperationalError: (1048, "Column 'department_id' cannot be null")

During handling of the above exception, another exception occurred:

Traceback (most recent call last):
  File "D:\Binara\nominaFC\venv\lib\site-packages\django\core\handlers\exception.py", line 55, in inner
    response = get_response(request)
  File "D:\Binara\nominaFC\venv\lib\site-packages\django\core\handlers\base.py", line 197, in _get_response
    response = wrapped_callback(request, *callback_args, **callback_kwargs)
  File "D:\Binara\nominaFC\venv\lib\site-packages\django\views\decorators\csrf.py", line 54, in wrapped_view
    return view_func(*args, **kwargs)
  File "D:\Binara\nominaFC\venv\lib\site-packages\django\views\generic\base.py", line 103, in view
    return self.dispatch(request, *args, **kwargs)
  File "D:\Binara\nominaFC\venv\lib\site-packages\rest_framework\views.py", line 509, in dispatch
    response = self.handle_exception(exc)
  File "D:\Binara\nominaFC\venv\lib\site-packages\rest_framework\views.py", line 469, in handle_exception
    self.raise_uncaught_exception(exc)
  File "D:\Binara\nominaFC\venv\lib\site-packages\rest_framework\views.py", line 480, in raise_uncaught_exception
    raise exc
  File "D:\Binara\nominaFC\venv\lib\site-packages\rest_framework\views.py", line 506, in dispatch
    response = handler(request, *args, **kwargs)
  File "D:\Binara\nominaFC\backend\sistemafcApp\views\employee\employee.py", line 30, in post
    return self.__getResponseAfterValidation(serializer)
  File "D:\Binara\nominaFC\backend\sistemafcApp\views\employee\employee.py", line 56, in __getResponseAfterValidation
    serializer.save()
  File "D:\Binara\nominaFC\venv\lib\site-packages\rest_framework\serializers.py", line 212, in save
    self.instance = self.create(validated_data)
  File "D:\Binara\nominaFC\venv\lib\site-packages\rest_framework\serializers.py", line 962, in create
    instance = ModelClass._default_manager.create(**validated_data)
  File "D:\Binara\nominaFC\venv\lib\site-packages\django\db\models\manager.py", line 85, in manager_method
    return getattr(self.get_queryset(), name)(*args, **kwargs)
  File "D:\Binara\nominaFC\venv\lib\site-packages\django\db\models\query.py", line 671, in create
    obj.save(force_insert=True, using=self.db)
  File "D:\Binara\nominaFC\venv\lib\site-packages\django\db\models\base.py", line 831, in save
    self.save_base(
  File "D:\Binara\nominaFC\venv\lib\site-packages\django\db\models\base.py", line 882, in save_base
    updated = self._save_table(
  File "D:\Binara\nominaFC\venv\lib\site-packages\django\db\models\base.py", line 1025, in _save_table
    results = self._do_insert(
  File "D:\Binara\nominaFC\venv\lib\site-packages\django\db\models\base.py", line 1066, in _do_insert
    return manager._insert(
  File "D:\Binara\nominaFC\venv\lib\site-packages\django\db\models\manager.py", line 85, in manager_method
    return getattr(self.get_queryset(), name)(*args, **kwargs)
  File "D:\Binara\nominaFC\venv\lib\site-packages\django\db\models\query.py", line 1790, in _insert
    return query.get_compiler(using=using).execute_sql(returning_fields)
  File "D:\Binara\nominaFC\venv\lib\site-packages\django\db\models\sql\compiler.py", line 1657, in execute_sql
    cursor.execute(sql, params)
  File "D:\Binara\nominaFC\venv\lib\site-packages\django\db\backends\utils.py", line 103, in execute
    return super().execute(sql, params)
  File "D:\Binara\nominaFC\venv\lib\site-packages\django\db\backends\utils.py", line 67, in execute
    return self._execute_with_wrappers(
  File "D:\Binara\nominaFC\venv\lib\site-packages\django\db\backends\utils.py", line 80, in _execute_with_wrappers
    return executor(sql, params, many, context)
  File "D:\Binara\nominaFC\venv\lib\site-packages\django\db\backends\utils.py", line 89, in _execute
    return self.cursor.execute(sql, params)
  File "D:\Binara\nominaFC\venv\lib\site-packages\django\db\backends\mysql\base.py", line 80, in execute
    raise IntegrityError(*tuple(e.args))
django.db.utils.IntegrityError: (1048, "Column 'department_id' cannot be null")
[ERROR] 2022-09-27 18:47:47,941 "POST /api/v1.0/employee/ HTTP/1.1" 500 212864
[WARNING] 2022-09-27 18:48:08,702 Unauthorized: /api/v1.0/employee/
[WARNING] 2022-09-27 18:48:08,702 "GET /api/v1.0/employee/ HTTP/1.1" 401 5131
[INFO] 2022-09-27 18:48:08,774 "GET /static/rest_framework/css/bootstrap-tweaks.css HTTP/1.1" 200 3385
[INFO] 2022-09-27 18:48:08,777 "GET /static/rest_framework/css/prettify.css HTTP/1.1" 200 817
[INFO] 2022-09-27 18:48:08,778 "GET /static/rest_framework/css/bootstrap.min.css HTTP/1.1" 200 121457
[INFO] 2022-09-27 18:48:08,782 "GET /static/rest_framework/css/default.css HTTP/1.1" 200 1152
[INFO] 2022-09-27 18:48:08,784 "GET /static/rest_framework/js/jquery-3.5.1.min.js HTTP/1.1" 200 89476
[INFO] 2022-09-27 18:48:08,785 "GET /static/rest_framework/js/ajax-form.js HTTP/1.1" 200 3597
[INFO] 2022-09-27 18:48:08,786 "GET /static/rest_framework/js/csrf.js HTTP/1.1" 200 1719
[INFO] 2022-09-27 18:48:08,789 "GET /static/rest_framework/js/prettify-min.js HTTP/1.1" 200 13632
[INFO] 2022-09-27 18:48:08,789 "GET /static/rest_framework/js/bootstrap.min.js HTTP/1.1" 200 39680
[INFO] 2022-09-27 18:48:08,791 "GET /static/rest_framework/js/default.js HTTP/1.1" 200 1268
[INFO] 2022-09-27 18:48:08,791 "GET /static/rest_framework/img/grid.png HTTP/1.1" 200 1458
[WARNING] 2022-09-27 18:48:08,863 Not Found: /favicon.ico
[WARNING] 2022-09-27 18:48:08,864 "GET /favicon.ico HTTP/1.1" 404 2498
[ERROR] 2022-09-27 18:48:24,204 Internal Server Error: /api/v1.0/employee/
Traceback (most recent call last):
  File "D:\Binara\nominaFC\venv\lib\site-packages\django\db\backends\mysql\base.py", line 75, in execute
    return self.cursor.execute(query, args)
  File "D:\Binara\nominaFC\venv\lib\site-packages\MySQLdb\cursors.py", line 206, in execute
    res = self._query(query)
  File "D:\Binara\nominaFC\venv\lib\site-packages\MySQLdb\cursors.py", line 319, in _query
    db.query(q)
  File "D:\Binara\nominaFC\venv\lib\site-packages\MySQLdb\connections.py", line 254, in query
    _mysql.connection.query(self, query)
MySQLdb.OperationalError: (1048, "Column 'department_id' cannot be null")

During handling of the above exception, another exception occurred:

Traceback (most recent call last):
  File "D:\Binara\nominaFC\venv\lib\site-packages\django\core\handlers\exception.py", line 55, in inner
    response = get_response(request)
  File "D:\Binara\nominaFC\venv\lib\site-packages\django\core\handlers\base.py", line 197, in _get_response
    response = wrapped_callback(request, *callback_args, **callback_kwargs)
  File "D:\Binara\nominaFC\venv\lib\site-packages\django\views\decorators\csrf.py", line 54, in wrapped_view
    return view_func(*args, **kwargs)
  File "D:\Binara\nominaFC\venv\lib\site-packages\django\views\generic\base.py", line 103, in view
    return self.dispatch(request, *args, **kwargs)
  File "D:\Binara\nominaFC\venv\lib\site-packages\rest_framework\views.py", line 509, in dispatch
    response = self.handle_exception(exc)
  File "D:\Binara\nominaFC\venv\lib\site-packages\rest_framework\views.py", line 469, in handle_exception
    self.raise_uncaught_exception(exc)
  File "D:\Binara\nominaFC\venv\lib\site-packages\rest_framework\views.py", line 480, in raise_uncaught_exception
    raise exc
  File "D:\Binara\nominaFC\venv\lib\site-packages\rest_framework\views.py", line 506, in dispatch
    response = handler(request, *args, **kwargs)
  File "D:\Binara\nominaFC\backend\sistemafcApp\views\employee\employee.py", line 30, in post
    return self.__getResponseAfterValidation(serializer)
  File "D:\Binara\nominaFC\backend\sistemafcApp\views\employee\employee.py", line 56, in __getResponseAfterValidation
    serializer.save()
  File "D:\Binara\nominaFC\venv\lib\site-packages\rest_framework\serializers.py", line 212, in save
    self.instance = self.create(validated_data)
  File "D:\Binara\nominaFC\venv\lib\site-packages\rest_framework\serializers.py", line 962, in create
    instance = ModelClass._default_manager.create(**validated_data)
  File "D:\Binara\nominaFC\venv\lib\site-packages\django\db\models\manager.py", line 85, in manager_method
    return getattr(self.get_queryset(), name)(*args, **kwargs)
  File "D:\Binara\nominaFC\venv\lib\site-packages\django\db\models\query.py", line 671, in create
    obj.save(force_insert=True, using=self.db)
  File "D:\Binara\nominaFC\venv\lib\site-packages\django\db\models\base.py", line 831, in save
    self.save_base(
  File "D:\Binara\nominaFC\venv\lib\site-packages\django\db\models\base.py", line 882, in save_base
    updated = self._save_table(
  File "D:\Binara\nominaFC\venv\lib\site-packages\django\db\models\base.py", line 1025, in _save_table
    results = self._do_insert(
  File "D:\Binara\nominaFC\venv\lib\site-packages\django\db\models\base.py", line 1066, in _do_insert
    return manager._insert(
  File "D:\Binara\nominaFC\venv\lib\site-packages\django\db\models\manager.py", line 85, in manager_method
    return getattr(self.get_queryset(), name)(*args, **kwargs)
  File "D:\Binara\nominaFC\venv\lib\site-packages\django\db\models\query.py", line 1790, in _insert
    return query.get_compiler(using=using).execute_sql(returning_fields)
  File "D:\Binara\nominaFC\venv\lib\site-packages\django\db\models\sql\compiler.py", line 1657, in execute_sql
    cursor.execute(sql, params)
  File "D:\Binara\nominaFC\venv\lib\site-packages\django\db\backends\utils.py", line 103, in execute
    return super().execute(sql, params)
  File "D:\Binara\nominaFC\venv\lib\site-packages\django\db\backends\utils.py", line 67, in execute
    return self._execute_with_wrappers(
  File "D:\Binara\nominaFC\venv\lib\site-packages\django\db\backends\utils.py", line 80, in _execute_with_wrappers
    return executor(sql, params, many, context)
  File "D:\Binara\nominaFC\venv\lib\site-packages\django\db\backends\utils.py", line 89, in _execute
    return self.cursor.execute(sql, params)
  File "D:\Binara\nominaFC\venv\lib\site-packages\django\db\backends\mysql\base.py", line 80, in execute
    raise IntegrityError(*tuple(e.args))
django.db.utils.IntegrityError: (1048, "Column 'department_id' cannot be null")
[ERROR] 2022-09-27 18:48:24,206 "POST /api/v1.0/employee/ HTTP/1.1" 500 212864
[INFO] 2022-09-27 18:52:51,588 D:\Binara\nominaFC\backend\sistemafcApp\views\employee\employeeList.py changed, reloading.
[INFO] 2022-09-27 18:52:52,163 Watching for file changes with StatReloader
[INFO] 2022-09-27 18:54:02,196 D:\Binara\nominaFC\backend\sistemafcApp\urls.py changed, reloading.
[INFO] 2022-09-27 18:54:02,797 Watching for file changes with StatReloader
[INFO] 2022-09-27 18:54:29,148 D:\Binara\nominaFC\backend\sistemafcApp\views\__init__.py changed, reloading.
[INFO] 2022-09-27 18:54:29,731 Watching for file changes with StatReloader
[INFO] 2022-09-27 18:54:42,584 "GET /api/v1.0/departments HTTP/1.1" 301 0
[INFO] 2022-09-27 18:54:42,602 "GET /api/v1.0/departments/ HTTP/1.1" 200 62
[INFO] 2022-09-27 18:56:27,494 "GET /api/v1.0/employees/ HTTP/1.1" 200 624
[INFO] 2022-09-27 18:56:49,813 "GET /api/v1.0/employees/ HTTP/1.1" 200 624
[INFO] 2022-09-27 18:57:04,038 "GET /api/v1.0/employees/ HTTP/1.1" 200 624
[INFO] 2022-09-27 18:57:53,042 "GET /api/v1.0/employees/ HTTP/1.1" 200 624
[INFO] 2022-09-27 18:57:59,048 "OPTIONS / HTTP/1.1" 200 0
[INFO] 2022-09-27 18:57:59,055 "GET /api/v1.0/employees/ HTTP/1.1" 200 624
[WARNING] 2022-09-27 18:57:59,064 Not Found: /
[WARNING] 2022-09-27 18:57:59,065 "GET / HTTP/1.1" 404 2447
[INFO] 2022-09-27 18:58:44,914 "OPTIONS /api/v1.0/departments/ HTTP/1.1" 200 0
[INFO] 2022-09-27 18:58:44,922 "GET /api/v1.0/departments/ HTTP/1.1" 200 62
[INFO] 2022-09-27 18:58:44,923 "GET /api/v1.0/employees/ HTTP/1.1" 200 624
[INFO] 2022-09-27 19:00:52,310 "GET /api/v1.0/departments/ HTTP/1.1" 200 62
[INFO] 2022-09-27 19:00:52,312 "GET /api/v1.0/employees/ HTTP/1.1" 200 624
[INFO] 2022-09-27 19:01:17,745 "GET /api/v1.0/departments/ HTTP/1.1" 200 62
[INFO] 2022-09-27 19:01:17,746 "GET /api/v1.0/employees/ HTTP/1.1" 200 624
[INFO] 2022-09-27 19:01:20,961 "GET /api/v1.0/departments/ HTTP/1.1" 200 62
[INFO] 2022-09-27 19:01:20,961 "GET /api/v1.0/employees/ HTTP/1.1" 200 624
[ERROR] 2022-09-27 19:01:59,732 Internal Server Error: /api/v1.0/employee/
Traceback (most recent call last):
  File "D:\Binara\nominaFC\venv\lib\site-packages\django\db\backends\mysql\base.py", line 75, in execute
    return self.cursor.execute(query, args)
  File "D:\Binara\nominaFC\venv\lib\site-packages\MySQLdb\cursors.py", line 206, in execute
    res = self._query(query)
  File "D:\Binara\nominaFC\venv\lib\site-packages\MySQLdb\cursors.py", line 319, in _query
    db.query(q)
  File "D:\Binara\nominaFC\venv\lib\site-packages\MySQLdb\connections.py", line 254, in query
    _mysql.connection.query(self, query)
MySQLdb.OperationalError: (1048, "Column 'department_id' cannot be null")

During handling of the above exception, another exception occurred:

Traceback (most recent call last):
  File "D:\Binara\nominaFC\venv\lib\site-packages\django\core\handlers\exception.py", line 55, in inner
    response = get_response(request)
  File "D:\Binara\nominaFC\venv\lib\site-packages\django\core\handlers\base.py", line 197, in _get_response
    response = wrapped_callback(request, *callback_args, **callback_kwargs)
  File "D:\Binara\nominaFC\venv\lib\site-packages\django\views\decorators\csrf.py", line 54, in wrapped_view
    return view_func(*args, **kwargs)
  File "D:\Binara\nominaFC\venv\lib\site-packages\django\views\generic\base.py", line 103, in view
    return self.dispatch(request, *args, **kwargs)
  File "D:\Binara\nominaFC\venv\lib\site-packages\rest_framework\views.py", line 509, in dispatch
    response = self.handle_exception(exc)
  File "D:\Binara\nominaFC\venv\lib\site-packages\rest_framework\views.py", line 469, in handle_exception
    self.raise_uncaught_exception(exc)
  File "D:\Binara\nominaFC\venv\lib\site-packages\rest_framework\views.py", line 480, in raise_uncaught_exception
    raise exc
  File "D:\Binara\nominaFC\venv\lib\site-packages\rest_framework\views.py", line 506, in dispatch
    response = handler(request, *args, **kwargs)
  File "D:\Binara\nominaFC\backend\sistemafcApp\views\employee\employee.py", line 30, in post
    return self.__getResponseAfterValidation(serializer)
  File "D:\Binara\nominaFC\backend\sistemafcApp\views\employee\employee.py", line 56, in __getResponseAfterValidation
    serializer.save()
  File "D:\Binara\nominaFC\venv\lib\site-packages\rest_framework\serializers.py", line 212, in save
    self.instance = self.create(validated_data)
  File "D:\Binara\nominaFC\venv\lib\site-packages\rest_framework\serializers.py", line 962, in create
    instance = ModelClass._default_manager.create(**validated_data)
  File "D:\Binara\nominaFC\venv\lib\site-packages\django\db\models\manager.py", line 85, in manager_method
    return getattr(self.get_queryset(), name)(*args, **kwargs)
  File "D:\Binara\nominaFC\venv\lib\site-packages\django\db\models\query.py", line 671, in create
    obj.save(force_insert=True, using=self.db)
  File "D:\Binara\nominaFC\venv\lib\site-packages\django\db\models\base.py", line 831, in save
    self.save_base(
  File "D:\Binara\nominaFC\venv\lib\site-packages\django\db\models\base.py", line 882, in save_base
    updated = self._save_table(
  File "D:\Binara\nominaFC\venv\lib\site-packages\django\db\models\base.py", line 1025, in _save_table
    results = self._do_insert(
  File "D:\Binara\nominaFC\venv\lib\site-packages\django\db\models\base.py", line 1066, in _do_insert
    return manager._insert(
  File "D:\Binara\nominaFC\venv\lib\site-packages\django\db\models\manager.py", line 85, in manager_method
    return getattr(self.get_queryset(), name)(*args, **kwargs)
  File "D:\Binara\nominaFC\venv\lib\site-packages\django\db\models\query.py", line 1790, in _insert
    return query.get_compiler(using=using).execute_sql(returning_fields)
  File "D:\Binara\nominaFC\venv\lib\site-packages\django\db\models\sql\compiler.py", line 1657, in execute_sql
    cursor.execute(sql, params)
  File "D:\Binara\nominaFC\venv\lib\site-packages\django\db\backends\utils.py", line 103, in execute
    return super().execute(sql, params)
  File "D:\Binara\nominaFC\venv\lib\site-packages\django\db\backends\utils.py", line 67, in execute
    return self._execute_with_wrappers(
  File "D:\Binara\nominaFC\venv\lib\site-packages\django\db\backends\utils.py", line 80, in _execute_with_wrappers
    return executor(sql, params, many, context)
  File "D:\Binara\nominaFC\venv\lib\site-packages\django\db\backends\utils.py", line 89, in _execute
    return self.cursor.execute(sql, params)
  File "D:\Binara\nominaFC\venv\lib\site-packages\django\db\backends\mysql\base.py", line 80, in execute
    raise IntegrityError(*tuple(e.args))
django.db.utils.IntegrityError: (1048, "Column 'department_id' cannot be null")
[ERROR] 2022-09-27 19:01:59,741 "POST /api/v1.0/employee/ HTTP/1.1" 500 212854
[INFO] 2022-09-27 19:02:50,678 "GET /api/v1.0/departments/ HTTP/1.1" 200 62
[INFO] 2022-09-27 19:02:50,680 "GET /api/v1.0/employees/ HTTP/1.1" 200 624
[INFO] 2022-09-27 19:03:00,541 "GET /api/v1.0/departments/ HTTP/1.1" 200 62
[INFO] 2022-09-27 19:03:00,542 "GET /api/v1.0/employees/ HTTP/1.1" 200 624
[ERROR] 2022-09-27 19:03:02,318 Internal Server Error: /api/v1.0/employee/
Traceback (most recent call last):
  File "D:\Binara\nominaFC\venv\lib\site-packages\django\db\backends\mysql\base.py", line 75, in execute
    return self.cursor.execute(query, args)
  File "D:\Binara\nominaFC\venv\lib\site-packages\MySQLdb\cursors.py", line 206, in execute
    res = self._query(query)
  File "D:\Binara\nominaFC\venv\lib\site-packages\MySQLdb\cursors.py", line 319, in _query
    db.query(q)
  File "D:\Binara\nominaFC\venv\lib\site-packages\MySQLdb\connections.py", line 254, in query
    _mysql.connection.query(self, query)
MySQLdb.OperationalError: (1048, "Column 'department_id' cannot be null")

During handling of the above exception, another exception occurred:

Traceback (most recent call last):
  File "D:\Binara\nominaFC\venv\lib\site-packages\django\core\handlers\exception.py", line 55, in inner
    response = get_response(request)
  File "D:\Binara\nominaFC\venv\lib\site-packages\django\core\handlers\base.py", line 197, in _get_response
    response = wrapped_callback(request, *callback_args, **callback_kwargs)
  File "D:\Binara\nominaFC\venv\lib\site-packages\django\views\decorators\csrf.py", line 54, in wrapped_view
    return view_func(*args, **kwargs)
  File "D:\Binara\nominaFC\venv\lib\site-packages\django\views\generic\base.py", line 103, in view
    return self.dispatch(request, *args, **kwargs)
  File "D:\Binara\nominaFC\venv\lib\site-packages\rest_framework\views.py", line 509, in dispatch
    response = self.handle_exception(exc)
  File "D:\Binara\nominaFC\venv\lib\site-packages\rest_framework\views.py", line 469, in handle_exception
    self.raise_uncaught_exception(exc)
  File "D:\Binara\nominaFC\venv\lib\site-packages\rest_framework\views.py", line 480, in raise_uncaught_exception
    raise exc
  File "D:\Binara\nominaFC\venv\lib\site-packages\rest_framework\views.py", line 506, in dispatch
    response = handler(request, *args, **kwargs)
  File "D:\Binara\nominaFC\backend\sistemafcApp\views\employee\employee.py", line 30, in post
    return self.__getResponseAfterValidation(serializer)
  File "D:\Binara\nominaFC\backend\sistemafcApp\views\employee\employee.py", line 56, in __getResponseAfterValidation
    serializer.save()
  File "D:\Binara\nominaFC\venv\lib\site-packages\rest_framework\serializers.py", line 212, in save
    self.instance = self.create(validated_data)
  File "D:\Binara\nominaFC\venv\lib\site-packages\rest_framework\serializers.py", line 962, in create
    instance = ModelClass._default_manager.create(**validated_data)
  File "D:\Binara\nominaFC\venv\lib\site-packages\django\db\models\manager.py", line 85, in manager_method
    return getattr(self.get_queryset(), name)(*args, **kwargs)
  File "D:\Binara\nominaFC\venv\lib\site-packages\django\db\models\query.py", line 671, in create
    obj.save(force_insert=True, using=self.db)
  File "D:\Binara\nominaFC\venv\lib\site-packages\django\db\models\base.py", line 831, in save
    self.save_base(
  File "D:\Binara\nominaFC\venv\lib\site-packages\django\db\models\base.py", line 882, in save_base
    updated = self._save_table(
  File "D:\Binara\nominaFC\venv\lib\site-packages\django\db\models\base.py", line 1025, in _save_table
    results = self._do_insert(
  File "D:\Binara\nominaFC\venv\lib\site-packages\django\db\models\base.py", line 1066, in _do_insert
    return manager._insert(
  File "D:\Binara\nominaFC\venv\lib\site-packages\django\db\models\manager.py", line 85, in manager_method
    return getattr(self.get_queryset(), name)(*args, **kwargs)
  File "D:\Binara\nominaFC\venv\lib\site-packages\django\db\models\query.py", line 1790, in _insert
    return query.get_compiler(using=using).execute_sql(returning_fields)
  File "D:\Binara\nominaFC\venv\lib\site-packages\django\db\models\sql\compiler.py", line 1657, in execute_sql
    cursor.execute(sql, params)
  File "D:\Binara\nominaFC\venv\lib\site-packages\django\db\backends\utils.py", line 103, in execute
    return super().execute(sql, params)
  File "D:\Binara\nominaFC\venv\lib\site-packages\django\db\backends\utils.py", line 67, in execute
    return self._execute_with_wrappers(
  File "D:\Binara\nominaFC\venv\lib\site-packages\django\db\backends\utils.py", line 80, in _execute_with_wrappers
    return executor(sql, params, many, context)
  File "D:\Binara\nominaFC\venv\lib\site-packages\django\db\backends\utils.py", line 89, in _execute
    return self.cursor.execute(sql, params)
  File "D:\Binara\nominaFC\venv\lib\site-packages\django\db\backends\mysql\base.py", line 80, in execute
    raise IntegrityError(*tuple(e.args))
django.db.utils.IntegrityError: (1048, "Column 'department_id' cannot be null")
[ERROR] 2022-09-27 19:03:02,321 "POST /api/v1.0/employee/ HTTP/1.1" 500 213095
[WARNING] 2022-09-27 19:03:26,607 Bad Request: /api/v1.0/employee/
[WARNING] 2022-09-27 19:03:26,608 "POST /api/v1.0/employee/ HTTP/1.1" 400 68
[WARNING] 2022-09-27 19:03:30,797 Bad Request: /api/v1.0/employee/
[WARNING] 2022-09-27 19:03:30,798 "POST /api/v1.0/employee/ HTTP/1.1" 400 68
[ERROR] 2022-09-27 19:06:08,203 Internal Server Error: /api/v1.0/employee/
Traceback (most recent call last):
  File "D:\Binara\nominaFC\venv\lib\site-packages\django\db\backends\mysql\base.py", line 75, in execute
    return self.cursor.execute(query, args)
  File "D:\Binara\nominaFC\venv\lib\site-packages\MySQLdb\cursors.py", line 206, in execute
    res = self._query(query)
  File "D:\Binara\nominaFC\venv\lib\site-packages\MySQLdb\cursors.py", line 319, in _query
    db.query(q)
  File "D:\Binara\nominaFC\venv\lib\site-packages\MySQLdb\connections.py", line 254, in query
    _mysql.connection.query(self, query)
MySQLdb.OperationalError: (1048, "Column 'department_id' cannot be null")

During handling of the above exception, another exception occurred:

Traceback (most recent call last):
  File "D:\Binara\nominaFC\venv\lib\site-packages\django\core\handlers\exception.py", line 55, in inner
    response = get_response(request)
  File "D:\Binara\nominaFC\venv\lib\site-packages\django\core\handlers\base.py", line 197, in _get_response
    response = wrapped_callback(request, *callback_args, **callback_kwargs)
  File "D:\Binara\nominaFC\venv\lib\site-packages\django\views\decorators\csrf.py", line 54, in wrapped_view
    return view_func(*args, **kwargs)
  File "D:\Binara\nominaFC\venv\lib\site-packages\django\views\generic\base.py", line 103, in view
    return self.dispatch(request, *args, **kwargs)
  File "D:\Binara\nominaFC\venv\lib\site-packages\rest_framework\views.py", line 509, in dispatch
    response = self.handle_exception(exc)
  File "D:\Binara\nominaFC\venv\lib\site-packages\rest_framework\views.py", line 469, in handle_exception
    self.raise_uncaught_exception(exc)
  File "D:\Binara\nominaFC\venv\lib\site-packages\rest_framework\views.py", line 480, in raise_uncaught_exception
    raise exc
  File "D:\Binara\nominaFC\venv\lib\site-packages\rest_framework\views.py", line 506, in dispatch
    response = handler(request, *args, **kwargs)
  File "D:\Binara\nominaFC\backend\sistemafcApp\views\employee\employee.py", line 30, in post
    return self.__getResponseAfterValidation(serializer)
  File "D:\Binara\nominaFC\backend\sistemafcApp\views\employee\employee.py", line 56, in __getResponseAfterValidation
    serializer.save()
  File "D:\Binara\nominaFC\venv\lib\site-packages\rest_framework\serializers.py", line 212, in save
    self.instance = self.create(validated_data)
  File "D:\Binara\nominaFC\venv\lib\site-packages\rest_framework\serializers.py", line 962, in create
    instance = ModelClass._default_manager.create(**validated_data)
  File "D:\Binara\nominaFC\venv\lib\site-packages\django\db\models\manager.py", line 85, in manager_method
    return getattr(self.get_queryset(), name)(*args, **kwargs)
  File "D:\Binara\nominaFC\venv\lib\site-packages\django\db\models\query.py", line 671, in create
    obj.save(force_insert=True, using=self.db)
  File "D:\Binara\nominaFC\venv\lib\site-packages\django\db\models\base.py", line 831, in save
    self.save_base(
  File "D:\Binara\nominaFC\venv\lib\site-packages\django\db\models\base.py", line 882, in save_base
    updated = self._save_table(
  File "D:\Binara\nominaFC\venv\lib\site-packages\django\db\models\base.py", line 1025, in _save_table
    results = self._do_insert(
  File "D:\Binara\nominaFC\venv\lib\site-packages\django\db\models\base.py", line 1066, in _do_insert
    return manager._insert(
  File "D:\Binara\nominaFC\venv\lib\site-packages\django\db\models\manager.py", line 85, in manager_method
    return getattr(self.get_queryset(), name)(*args, **kwargs)
  File "D:\Binara\nominaFC\venv\lib\site-packages\django\db\models\query.py", line 1790, in _insert
    return query.get_compiler(using=using).execute_sql(returning_fields)
  File "D:\Binara\nominaFC\venv\lib\site-packages\django\db\models\sql\compiler.py", line 1657, in execute_sql
    cursor.execute(sql, params)
  File "D:\Binara\nominaFC\venv\lib\site-packages\django\db\backends\utils.py", line 103, in execute
    return super().execute(sql, params)
  File "D:\Binara\nominaFC\venv\lib\site-packages\django\db\backends\utils.py", line 67, in execute
    return self._execute_with_wrappers(
  File "D:\Binara\nominaFC\venv\lib\site-packages\django\db\backends\utils.py", line 80, in _execute_with_wrappers
    return executor(sql, params, many, context)
  File "D:\Binara\nominaFC\venv\lib\site-packages\django\db\backends\utils.py", line 89, in _execute
    return self.cursor.execute(sql, params)
  File "D:\Binara\nominaFC\venv\lib\site-packages\django\db\backends\mysql\base.py", line 80, in execute
    raise IntegrityError(*tuple(e.args))
django.db.utils.IntegrityError: (1048, "Column 'department_id' cannot be null")
[ERROR] 2022-09-27 19:06:08,205 "POST /api/v1.0/employee/ HTTP/1.1" 500 212915
[INFO] 2022-09-27 19:11:56,409 D:\Binara\nominaFC\backend\sistemafcApp\serializers\employeeSerializer.py changed, reloading.
[INFO] 2022-09-27 19:11:56,982 Watching for file changes with StatReloader
[INFO] 2022-09-27 19:12:14,877 D:\Binara\nominaFC\backend\sistemafcApp\serializers\employeeSerializer.py changed, reloading.
[INFO] 2022-09-27 19:12:15,457 Watching for file changes with StatReloader
[INFO] 2022-09-27 19:12:18,099 "POST /api/v1.0/employee/ HTTP/1.1" 200 453
[INFO] 2022-09-27 19:12:54,276 D:\Binara\nominaFC\backend\sistemafcApp\views\employee\employee.py changed, reloading.
[INFO] 2022-09-27 19:12:54,849 Watching for file changes with StatReloader
[INFO] 2022-09-27 19:13:09,279 "GET /api/v1.0/departments/ HTTP/1.1" 200 62
[INFO] 2022-09-27 19:13:09,281 "GET /api/v1.0/employees/ HTTP/1.1" 200 874
[INFO] 2022-09-27 19:13:13,763 "POST /api/v1.0/employee/ HTTP/1.1" 200 453
[INFO] 2022-09-27 19:13:19,423 "GET /api/v1.0/departments/ HTTP/1.1" 200 62
[INFO] 2022-09-27 19:13:19,426 "GET /api/v1.0/employees/ HTTP/1.1" 200 1124
[INFO] 2022-09-27 19:13:35,764 "POST /api/v1.0/employee/ HTTP/1.1" 200 429
[INFO] 2022-09-27 19:13:38,929 "GET /api/v1.0/departments/ HTTP/1.1" 200 62
[INFO] 2022-09-27 19:13:38,932 "GET /api/v1.0/employees/ HTTP/1.1" 200 1350
[INFO] 2022-09-27 19:14:09,663 "GET /api/v1.0/departments/ HTTP/1.1" 200 62
[INFO] 2022-09-27 19:14:09,665 "GET /api/v1.0/employees/ HTTP/1.1" 200 1350
[INFO] 2022-09-27 19:14:19,498 "POST /api/v1.0/employee/ HTTP/1.1" 200 429
[INFO] 2022-09-27 19:14:19,509 "GET /api/v1.0/employees/ HTTP/1.1" 200 1574
